[2022/03/23 17:30:01.874] [ERROR] ClientError [NotFoundError]: Not Found
    at /Users/icomer/Documents/ICOMER/UbiGuard/UbiGuard_FMS_v5.6/app.js:88:10
    at Layer.handle [as handle_request] (/Users/icomer/Documents/ICOMER/UbiGuard/UbiGuard_FMS_v5.6/node_modules/express/lib/router/layer.js:95:5)
    at trim_prefix (/Users/icomer/Documents/ICOMER/UbiGuard/UbiGuard_FMS_v5.6/node_modules/express/lib/router/index.js:317:13)
    at /Users/icomer/Documents/ICOMER/UbiGuard/UbiGuard_FMS_v5.6/node_modules/express/lib/router/index.js:284:7
    at Function.process_params (/Users/icomer/Documents/ICOMER/UbiGuard/UbiGuard_FMS_v5.6/node_modules/express/lib/router/index.js:335:12)
    at next (/Users/icomer/Documents/ICOMER/UbiGuard/UbiGuard_FMS_v5.6/node_modules/express/lib/router/index.js:275:10)
    at /Users/icomer/Documents/ICOMER/UbiGuard/UbiGuard_FMS_v5.6/node_modules/express/lib/router/index.js:635:15
    at next (/Users/icomer/Documents/ICOMER/UbiGuard/UbiGuard_FMS_v5.6/node_modules/express/lib/router/index.js:260:14)
    at next (/Users/icomer/Documents/ICOMER/UbiGuard/UbiGuard_FMS_v5.6/node_modules/express/lib/router/route.js:127:14)
    at /Users/icomer/Documents/ICOMER/UbiGuard/UbiGuard_FMS_v5.6/routes/api/diagram.js:724:16
[2022/03/23 17:30:30.252] [ERROR] ClientError [NotFoundError]: Not Found
    at /Users/icomer/Documents/ICOMER/UbiGuard/UbiGuard_FMS_v5.6/app.js:88:10
    at Layer.handle [as handle_request] (/Users/icomer/Documents/ICOMER/UbiGuard/UbiGuard_FMS_v5.6/node_modules/express/lib/router/layer.js:95:5)
    at trim_prefix (/Users/icomer/Documents/ICOMER/UbiGuard/UbiGuard_FMS_v5.6/node_modules/express/lib/router/index.js:317:13)
    at /Users/icomer/Documents/ICOMER/UbiGuard/UbiGuard_FMS_v5.6/node_modules/express/lib/router/index.js:284:7
    at Function.process_params (/Users/icomer/Documents/ICOMER/UbiGuard/UbiGuard_FMS_v5.6/node_modules/express/lib/router/index.js:335:12)
    at next (/Users/icomer/Documents/ICOMER/UbiGuard/UbiGuard_FMS_v5.6/node_modules/express/lib/router/index.js:275:10)
    at /Users/icomer/Documents/ICOMER/UbiGuard/UbiGuard_FMS_v5.6/node_modules/express/lib/router/index.js:635:15
    at next (/Users/icomer/Documents/ICOMER/UbiGuard/UbiGuard_FMS_v5.6/node_modules/express/lib/router/index.js:260:14)
    at next (/Users/icomer/Documents/ICOMER/UbiGuard/UbiGuard_FMS_v5.6/node_modules/express/lib/router/route.js:127:14)
    at /Users/icomer/Documents/ICOMER/UbiGuard/UbiGuard_FMS_v5.6/routes/api/diagram.js:724:16
[2022/03/23 17:31:00.452] [ERROR] ClientError [NotFoundError]: Not Found
    at /Users/icomer/Documents/ICOMER/UbiGuard/UbiGuard_FMS_v5.6/app.js:88:10
    at Layer.handle [as handle_request] (/Users/icomer/Documents/ICOMER/UbiGuard/UbiGuard_FMS_v5.6/node_modules/express/lib/router/layer.js:95:5)
    at trim_prefix (/Users/icomer/Documents/ICOMER/UbiGuard/UbiGuard_FMS_v5.6/node_modules/express/lib/router/index.js:317:13)
    at /Users/icomer/Documents/ICOMER/UbiGuard/UbiGuard_FMS_v5.6/node_modules/express/lib/router/index.js:284:7
    at Function.process_params (/Users/icomer/Documents/ICOMER/UbiGuard/UbiGuard_FMS_v5.6/node_modules/express/lib/router/index.js:335:12)
    at next (/Users/icomer/Documents/ICOMER/UbiGuard/UbiGuard_FMS_v5.6/node_modules/express/lib/router/index.js:275:10)
    at /Users/icomer/Documents/ICOMER/UbiGuard/UbiGuard_FMS_v5.6/node_modules/express/lib/router/index.js:635:15
    at next (/Users/icomer/Documents/ICOMER/UbiGuard/UbiGuard_FMS_v5.6/node_modules/express/lib/router/index.js:260:14)
    at next (/Users/icomer/Documents/ICOMER/UbiGuard/UbiGuard_FMS_v5.6/node_modules/express/lib/router/route.js:127:14)
    at /Users/icomer/Documents/ICOMER/UbiGuard/UbiGuard_FMS_v5.6/routes/api/diagram.js:724:16
