[2022/01/07 10:18:08.259] [ERROR] SqlError: (conn=168550, no: 1146, SQLState: 42S02) Table 'ug56_db.cn_icomer_mapping' doesn't exist
sql: SELECT DATE_FORMAT(DATE_SUB(NOW(), INTERVAL ? MONTH), '%Y.%m') AS `month`, IFNULL(SUM(CASE cim.object_name WHEN 'it_mwh' THEN sam.max_value - sam.min_value ELSE NULL END) / 1000, 0) AS it_mwh, IFNULL(SUM(CASE cim.object_name WHEN 'hvac_mwh' THEN sam.max_va...
    at Object.module.exports.createError (/Users/icomer/Documents/ICOMER/UbiGuard/UbiGuard_FMS_v5.6/node_modules/mariadb/lib/misc/errors.js:55:10)
    at PacketNodeEncoded.readError (/Users/icomer/Documents/ICOMER/UbiGuard/UbiGuard_FMS_v5.6/node_modules/mariadb/lib/io/packet.js:523:19)
    at Query.readResponsePacket (/Users/icomer/Documents/ICOMER/UbiGuard/UbiGuard_FMS_v5.6/node_modules/mariadb/lib/cmd/resultset.js:46:28)
    at PacketInputStream.receivePacketBasic (/Users/icomer/Documents/ICOMER/UbiGuard/UbiGuard_FMS_v5.6/node_modules/mariadb/lib/io/packet-input-stream.js:104:9)
    at PacketInputStream.onData (/Users/icomer/Documents/ICOMER/UbiGuard/UbiGuard_FMS_v5.6/node_modules/mariadb/lib/io/packet-input-stream.js:169:20)
    at Socket.emit (events.js:376:20)
    at addChunk (internal/streams/readable.js:309:12)
    at readableAddChunk (internal/streams/readable.js:284:9)
    at Socket.Readable.push (internal/streams/readable.js:223:10)
    at TCP.onStreamRead (internal/stream_base_commons.js:188:23) {
  fatal: false,
  errno: 1146,
  sqlState: '42S02',
  code: 'ER_NO_SUCH_TABLE'
}
[2022/01/07 10:18:18.253] [ERROR] SqlError: (conn=168552, no: 1146, SQLState: 42S02) Table 'ug56_db.cn_icomer_mapping' doesn't exist
sql: SELECT cim.object_name, cim.sensor_ids, SUM(cs.current_value) AS val FROM cn_icomer_mapping cim LEFT JOIN (SELECT sensor_id, current_value FROM cn_sensor WHERE b_delete = 'N' AND b_use = 'Y') cs ON FIND_IN_SET(cs.sensor_id, cim.sensor_ids) WHERE cim.page_n...
    at Object.module.exports.createError (/Users/icomer/Documents/ICOMER/UbiGuard/UbiGuard_FMS_v5.6/node_modules/mariadb/lib/misc/errors.js:55:10)
    at PacketNodeEncoded.readError (/Users/icomer/Documents/ICOMER/UbiGuard/UbiGuard_FMS_v5.6/node_modules/mariadb/lib/io/packet.js:523:19)
    at Query.readResponsePacket (/Users/icomer/Documents/ICOMER/UbiGuard/UbiGuard_FMS_v5.6/node_modules/mariadb/lib/cmd/resultset.js:46:28)
    at PacketInputStream.receivePacketBasic (/Users/icomer/Documents/ICOMER/UbiGuard/UbiGuard_FMS_v5.6/node_modules/mariadb/lib/io/packet-input-stream.js:104:9)
    at PacketInputStream.onData (/Users/icomer/Documents/ICOMER/UbiGuard/UbiGuard_FMS_v5.6/node_modules/mariadb/lib/io/packet-input-stream.js:169:20)
    at Socket.emit (events.js:376:20)
    at addChunk (internal/streams/readable.js:309:12)
    at readableAddChunk (internal/streams/readable.js:284:9)
    at Socket.Readable.push (internal/streams/readable.js:223:10)
    at TCP.onStreamRead (internal/stream_base_commons.js:188:23) {
  fatal: false,
  errno: 1146,
  sqlState: '42S02',
  code: 'ER_NO_SUCH_TABLE'
}
[2022/01/07 10:18:28.254] [ERROR] SqlError: (conn=168553, no: 1146, SQLState: 42S02) Table 'ug56_db.cn_icomer_mapping' doesn't exist
sql: SELECT cim.object_name, cim.sensor_ids, SUM(cs.current_value) AS val FROM cn_icomer_mapping cim LEFT JOIN (SELECT sensor_id, current_value FROM cn_sensor WHERE b_delete = 'N' AND b_use = 'Y') cs ON FIND_IN_SET(cs.sensor_id, cim.sensor_ids) WHERE cim.page_n...
    at Object.module.exports.createError (/Users/icomer/Documents/ICOMER/UbiGuard/UbiGuard_FMS_v5.6/node_modules/mariadb/lib/misc/errors.js:55:10)
    at PacketNodeEncoded.readError (/Users/icomer/Documents/ICOMER/UbiGuard/UbiGuard_FMS_v5.6/node_modules/mariadb/lib/io/packet.js:523:19)
    at Query.readResponsePacket (/Users/icomer/Documents/ICOMER/UbiGuard/UbiGuard_FMS_v5.6/node_modules/mariadb/lib/cmd/resultset.js:46:28)
    at PacketInputStream.receivePacketBasic (/Users/icomer/Documents/ICOMER/UbiGuard/UbiGuard_FMS_v5.6/node_modules/mariadb/lib/io/packet-input-stream.js:104:9)
    at PacketInputStream.onData (/Users/icomer/Documents/ICOMER/UbiGuard/UbiGuard_FMS_v5.6/node_modules/mariadb/lib/io/packet-input-stream.js:169:20)
    at Socket.emit (events.js:376:20)
    at addChunk (internal/streams/readable.js:309:12)
    at readableAddChunk (internal/streams/readable.js:284:9)
    at Socket.Readable.push (internal/streams/readable.js:223:10)
    at TCP.onStreamRead (internal/stream_base_commons.js:188:23) {
  fatal: false,
  errno: 1146,
  sqlState: '42S02',
  code: 'ER_NO_SUCH_TABLE'
}
[2022/01/07 10:18:38.257] [ERROR] SqlError: (conn=168554, no: 1146, SQLState: 42S02) Table 'ug56_db.cn_icomer_mapping' doesn't exist
sql: SELECT cim.object_name, cim.sensor_ids, SUM(cs.current_value) AS val FROM cn_icomer_mapping cim LEFT JOIN (SELECT sensor_id, current_value FROM cn_sensor WHERE b_delete = 'N' AND b_use = 'Y') cs ON FIND_IN_SET(cs.sensor_id, cim.sensor_ids) WHERE cim.page_n...
    at Object.module.exports.createError (/Users/icomer/Documents/ICOMER/UbiGuard/UbiGuard_FMS_v5.6/node_modules/mariadb/lib/misc/errors.js:55:10)
    at PacketNodeEncoded.readError (/Users/icomer/Documents/ICOMER/UbiGuard/UbiGuard_FMS_v5.6/node_modules/mariadb/lib/io/packet.js:523:19)
    at Query.readResponsePacket (/Users/icomer/Documents/ICOMER/UbiGuard/UbiGuard_FMS_v5.6/node_modules/mariadb/lib/cmd/resultset.js:46:28)
    at PacketInputStream.receivePacketBasic (/Users/icomer/Documents/ICOMER/UbiGuard/UbiGuard_FMS_v5.6/node_modules/mariadb/lib/io/packet-input-stream.js:104:9)
    at PacketInputStream.onData (/Users/icomer/Documents/ICOMER/UbiGuard/UbiGuard_FMS_v5.6/node_modules/mariadb/lib/io/packet-input-stream.js:169:20)
    at Socket.emit (events.js:376:20)
    at addChunk (internal/streams/readable.js:309:12)
    at readableAddChunk (internal/streams/readable.js:284:9)
    at Socket.Readable.push (internal/streams/readable.js:223:10)
    at TCP.onStreamRead (internal/stream_base_commons.js:188:23) {
  fatal: false,
  errno: 1146,
  sqlState: '42S02',
  code: 'ER_NO_SUCH_TABLE'
}
[2022/01/07 10:18:48.259] [ERROR] SqlError: (conn=168555, no: 1146, SQLState: 42S02) Table 'ug56_db.cn_icomer_mapping' doesn't exist
sql: SELECT cim.object_name, cim.sensor_ids, SUM(cs.current_value) AS val FROM cn_icomer_mapping cim LEFT JOIN (SELECT sensor_id, current_value FROM cn_sensor WHERE b_delete = 'N' AND b_use = 'Y') cs ON FIND_IN_SET(cs.sensor_id, cim.sensor_ids) WHERE cim.page_n...
    at Object.module.exports.createError (/Users/icomer/Documents/ICOMER/UbiGuard/UbiGuard_FMS_v5.6/node_modules/mariadb/lib/misc/errors.js:55:10)
    at PacketNodeEncoded.readError (/Users/icomer/Documents/ICOMER/UbiGuard/UbiGuard_FMS_v5.6/node_modules/mariadb/lib/io/packet.js:523:19)
    at Query.readResponsePacket (/Users/icomer/Documents/ICOMER/UbiGuard/UbiGuard_FMS_v5.6/node_modules/mariadb/lib/cmd/resultset.js:46:28)
    at PacketInputStream.receivePacketBasic (/Users/icomer/Documents/ICOMER/UbiGuard/UbiGuard_FMS_v5.6/node_modules/mariadb/lib/io/packet-input-stream.js:104:9)
    at PacketInputStream.onData (/Users/icomer/Documents/ICOMER/UbiGuard/UbiGuard_FMS_v5.6/node_modules/mariadb/lib/io/packet-input-stream.js:169:20)
    at Socket.emit (events.js:376:20)
    at addChunk (internal/streams/readable.js:309:12)
    at readableAddChunk (internal/streams/readable.js:284:9)
    at Socket.Readable.push (internal/streams/readable.js:223:10)
    at TCP.onStreamRead (internal/stream_base_commons.js:188:23) {
  fatal: false,
  errno: 1146,
  sqlState: '42S02',
  code: 'ER_NO_SUCH_TABLE'
}
[2022/01/07 10:18:58.259] [ERROR] SqlError: (conn=168556, no: 1146, SQLState: 42S02) Table 'ug56_db.cn_icomer_mapping' doesn't exist
sql: SELECT cim.object_name, cim.sensor_ids, SUM(cs.current_value) AS val FROM cn_icomer_mapping cim LEFT JOIN (SELECT sensor_id, current_value FROM cn_sensor WHERE b_delete = 'N' AND b_use = 'Y') cs ON FIND_IN_SET(cs.sensor_id, cim.sensor_ids) WHERE cim.page_n...
    at Object.module.exports.createError (/Users/icomer/Documents/ICOMER/UbiGuard/UbiGuard_FMS_v5.6/node_modules/mariadb/lib/misc/errors.js:55:10)
    at PacketNodeEncoded.readError (/Users/icomer/Documents/ICOMER/UbiGuard/UbiGuard_FMS_v5.6/node_modules/mariadb/lib/io/packet.js:523:19)
    at Query.readResponsePacket (/Users/icomer/Documents/ICOMER/UbiGuard/UbiGuard_FMS_v5.6/node_modules/mariadb/lib/cmd/resultset.js:46:28)
    at PacketInputStream.receivePacketBasic (/Users/icomer/Documents/ICOMER/UbiGuard/UbiGuard_FMS_v5.6/node_modules/mariadb/lib/io/packet-input-stream.js:104:9)
    at PacketInputStream.onData (/Users/icomer/Documents/ICOMER/UbiGuard/UbiGuard_FMS_v5.6/node_modules/mariadb/lib/io/packet-input-stream.js:169:20)
    at Socket.emit (events.js:376:20)
    at addChunk (internal/streams/readable.js:309:12)
    at readableAddChunk (internal/streams/readable.js:284:9)
    at Socket.Readable.push (internal/streams/readable.js:223:10)
    at TCP.onStreamRead (internal/stream_base_commons.js:188:23) {
  fatal: false,
  errno: 1146,
  sqlState: '42S02',
  code: 'ER_NO_SUCH_TABLE'
}
[2022/01/07 10:19:08.260] [ERROR] SqlError: (conn=168557, no: 1146, SQLState: 42S02) Table 'ug56_db.cn_icomer_mapping' doesn't exist
sql: SELECT cim.object_name, cim.sensor_ids, SUM(cs.current_value) AS val FROM cn_icomer_mapping cim LEFT JOIN (SELECT sensor_id, current_value FROM cn_sensor WHERE b_delete = 'N' AND b_use = 'Y') cs ON FIND_IN_SET(cs.sensor_id, cim.sensor_ids) WHERE cim.page_n...
    at Object.module.exports.createError (/Users/icomer/Documents/ICOMER/UbiGuard/UbiGuard_FMS_v5.6/node_modules/mariadb/lib/misc/errors.js:55:10)
    at PacketNodeEncoded.readError (/Users/icomer/Documents/ICOMER/UbiGuard/UbiGuard_FMS_v5.6/node_modules/mariadb/lib/io/packet.js:523:19)
    at Query.readResponsePacket (/Users/icomer/Documents/ICOMER/UbiGuard/UbiGuard_FMS_v5.6/node_modules/mariadb/lib/cmd/resultset.js:46:28)
    at PacketInputStream.receivePacketBasic (/Users/icomer/Documents/ICOMER/UbiGuard/UbiGuard_FMS_v5.6/node_modules/mariadb/lib/io/packet-input-stream.js:104:9)
    at PacketInputStream.onData (/Users/icomer/Documents/ICOMER/UbiGuard/UbiGuard_FMS_v5.6/node_modules/mariadb/lib/io/packet-input-stream.js:169:20)
    at Socket.emit (events.js:376:20)
    at addChunk (internal/streams/readable.js:309:12)
    at readableAddChunk (internal/streams/readable.js:284:9)
    at Socket.Readable.push (internal/streams/readable.js:223:10)
    at TCP.onStreamRead (internal/stream_base_commons.js:188:23) {
  fatal: false,
  errno: 1146,
  sqlState: '42S02',
  code: 'ER_NO_SUCH_TABLE'
}
[2022/01/07 10:25:54.976] [ERROR] ClientError [NotFoundError]: Not Found
    at /Users/icomer/Documents/ICOMER/UbiGuard/UbiGuard_FMS_v5.6/app.js:86:10
    at Layer.handle [as handle_request] (/Users/icomer/Documents/ICOMER/UbiGuard/UbiGuard_FMS_v5.6/node_modules/express/lib/router/layer.js:95:5)
    at trim_prefix (/Users/icomer/Documents/ICOMER/UbiGuard/UbiGuard_FMS_v5.6/node_modules/express/lib/router/index.js:317:13)
    at /Users/icomer/Documents/ICOMER/UbiGuard/UbiGuard_FMS_v5.6/node_modules/express/lib/router/index.js:284:7
    at Function.process_params (/Users/icomer/Documents/ICOMER/UbiGuard/UbiGuard_FMS_v5.6/node_modules/express/lib/router/index.js:335:12)
    at next (/Users/icomer/Documents/ICOMER/UbiGuard/UbiGuard_FMS_v5.6/node_modules/express/lib/router/index.js:275:10)
    at /Users/icomer/Documents/ICOMER/UbiGuard/UbiGuard_FMS_v5.6/node_modules/express/lib/router/index.js:635:15
    at next (/Users/icomer/Documents/ICOMER/UbiGuard/UbiGuard_FMS_v5.6/node_modules/express/lib/router/index.js:260:14)
    at Function.handle (/Users/icomer/Documents/ICOMER/UbiGuard/UbiGuard_FMS_v5.6/node_modules/express/lib/router/index.js:174:3)
    at router (/Users/icomer/Documents/ICOMER/UbiGuard/UbiGuard_FMS_v5.6/node_modules/express/lib/router/index.js:47:12)
