[2023/09/04 11:09:45.930] [ERROR] ClientError [NotFoundError]: Not Found
    at /Users/icomer/Documents/ICOMER/UbiGuard/UbiGuard_FMS_v5.6/app.js:94:10
    at Layer.handle [as handle_request] (/Users/icomer/Documents/ICOMER/UbiGuard/UbiGuard_FMS_v5.6/node_modules/express/lib/router/layer.js:95:5)
    at trim_prefix (/Users/icomer/Documents/ICOMER/UbiGuard/UbiGuard_FMS_v5.6/node_modules/express/lib/router/index.js:317:13)
    at /Users/icomer/Documents/ICOMER/UbiGuard/UbiGuard_FMS_v5.6/node_modules/express/lib/router/index.js:284:7
    at Function.process_params (/Users/icomer/Documents/ICOMER/UbiGuard/UbiGuard_FMS_v5.6/node_modules/express/lib/router/index.js:335:12)
    at next (/Users/icomer/Documents/ICOMER/UbiGuard/UbiGuard_FMS_v5.6/node_modules/express/lib/router/index.js:275:10)
    at /Users/icomer/Documents/ICOMER/UbiGuard/UbiGuard_FMS_v5.6/node_modules/express/lib/router/index.js:635:15
    at next (/Users/icomer/Documents/ICOMER/UbiGuard/UbiGuard_FMS_v5.6/node_modules/express/lib/router/index.js:260:14)
    at next (/Users/icomer/Documents/ICOMER/UbiGuard/UbiGuard_FMS_v5.6/node_modules/express/lib/router/route.js:127:14)
    at /Users/icomer/Documents/ICOMER/UbiGuard/UbiGuard_FMS_v5.6/routes/api/customizing/didc/icomer.js:72:16
[2023/09/04 16:51:20.190] [ERROR] SqlError: (conn=324882, no: 1065, SQLState: 42000) Query was empty
sql:  - parameters:['i-hvac-run-1']
    at module.exports.createError (/Users/icomer/Documents/ICOMER/UbiGuard/UbiGuard_FMS_v5.6/node_modules/mariadb/lib/misc/errors.js:61:10)
    at PacketNodeEncoded.readError (/Users/icomer/Documents/ICOMER/UbiGuard/UbiGuard_FMS_v5.6/node_modules/mariadb/lib/io/packet.js:511:19)
    at Query.readResponsePacket (/Users/icomer/Documents/ICOMER/UbiGuard/UbiGuard_FMS_v5.6/node_modules/mariadb/lib/cmd/resultset.js:46:28)
    at PacketInputStream.receivePacketBasic (/Users/icomer/Documents/ICOMER/UbiGuard/UbiGuard_FMS_v5.6/node_modules/mariadb/lib/io/packet-input-stream.js:104:9)
    at PacketInputStream.onData (/Users/icomer/Documents/ICOMER/UbiGuard/UbiGuard_FMS_v5.6/node_modules/mariadb/lib/io/packet-input-stream.js:169:20)
    at Socket.emit (node:events:513:28)
    at addChunk (node:internal/streams/readable:324:12)
    at readableAddChunk (node:internal/streams/readable:297:9)
    at Readable.push (node:internal/streams/readable:234:10)
    at TCP.onStreamRead (node:internal/stream_base_commons:190:23) {
  text: 'Query was empty',
  sql: " - parameters:['i-hvac-run-1']",
  fatal: false,
  errno: 1065,
  sqlState: '42000',
  code: 'ER_EMPTY_QUERY'
}
[2023/09/04 16:51:29.473] [ERROR] SqlError: (conn=324885, no: 1065, SQLState: 42000) Query was empty
sql:  - parameters:['i-hvac-run-1']
    at module.exports.createError (/Users/icomer/Documents/ICOMER/UbiGuard/UbiGuard_FMS_v5.6/node_modules/mariadb/lib/misc/errors.js:61:10)
    at PacketNodeEncoded.readError (/Users/icomer/Documents/ICOMER/UbiGuard/UbiGuard_FMS_v5.6/node_modules/mariadb/lib/io/packet.js:511:19)
    at Query.readResponsePacket (/Users/icomer/Documents/ICOMER/UbiGuard/UbiGuard_FMS_v5.6/node_modules/mariadb/lib/cmd/resultset.js:46:28)
    at PacketInputStream.receivePacketBasic (/Users/icomer/Documents/ICOMER/UbiGuard/UbiGuard_FMS_v5.6/node_modules/mariadb/lib/io/packet-input-stream.js:104:9)
    at PacketInputStream.onData (/Users/icomer/Documents/ICOMER/UbiGuard/UbiGuard_FMS_v5.6/node_modules/mariadb/lib/io/packet-input-stream.js:169:20)
    at Socket.emit (node:events:513:28)
    at addChunk (node:internal/streams/readable:324:12)
    at readableAddChunk (node:internal/streams/readable:297:9)
    at Readable.push (node:internal/streams/readable:234:10)
    at TCP.onStreamRead (node:internal/stream_base_commons:190:23) {
  text: 'Query was empty',
  sql: " - parameters:['i-hvac-run-1']",
  fatal: false,
  errno: 1065,
  sqlState: '42000',
  code: 'ER_EMPTY_QUERY'
}
[2023/09/04 16:51:36.631] [ERROR] SqlError: (conn=324885, no: 1065, SQLState: 42000) Query was empty
sql:  - parameters:['i-hvac-run-1']
    at module.exports.createError (/Users/icomer/Documents/ICOMER/UbiGuard/UbiGuard_FMS_v5.6/node_modules/mariadb/lib/misc/errors.js:61:10)
    at PacketNodeEncoded.readError (/Users/icomer/Documents/ICOMER/UbiGuard/UbiGuard_FMS_v5.6/node_modules/mariadb/lib/io/packet.js:511:19)
    at Query.readResponsePacket (/Users/icomer/Documents/ICOMER/UbiGuard/UbiGuard_FMS_v5.6/node_modules/mariadb/lib/cmd/resultset.js:46:28)
    at PacketInputStream.receivePacketBasic (/Users/icomer/Documents/ICOMER/UbiGuard/UbiGuard_FMS_v5.6/node_modules/mariadb/lib/io/packet-input-stream.js:104:9)
    at PacketInputStream.onData (/Users/icomer/Documents/ICOMER/UbiGuard/UbiGuard_FMS_v5.6/node_modules/mariadb/lib/io/packet-input-stream.js:169:20)
    at Socket.emit (node:events:513:28)
    at addChunk (node:internal/streams/readable:324:12)
    at readableAddChunk (node:internal/streams/readable:297:9)
    at Readable.push (node:internal/streams/readable:234:10)
    at TCP.onStreamRead (node:internal/stream_base_commons:190:23) {
  text: 'Query was empty',
  sql: " - parameters:['i-hvac-run-1']",
  fatal: false,
  errno: 1065,
  sqlState: '42000',
  code: 'ER_EMPTY_QUERY'
}
[2023/09/04 17:03:37.845] [ERROR] SqlError: (conn=324884, no: 1065, SQLState: 42000) Query was empty
sql:  - parameters:['i-hvac-run-1']
    at module.exports.createError (/Users/icomer/Documents/ICOMER/UbiGuard/UbiGuard_FMS_v5.6/node_modules/mariadb/lib/misc/errors.js:61:10)
    at PacketNodeEncoded.readError (/Users/icomer/Documents/ICOMER/UbiGuard/UbiGuard_FMS_v5.6/node_modules/mariadb/lib/io/packet.js:511:19)
    at Query.readResponsePacket (/Users/icomer/Documents/ICOMER/UbiGuard/UbiGuard_FMS_v5.6/node_modules/mariadb/lib/cmd/resultset.js:46:28)
    at PacketInputStream.receivePacketBasic (/Users/icomer/Documents/ICOMER/UbiGuard/UbiGuard_FMS_v5.6/node_modules/mariadb/lib/io/packet-input-stream.js:104:9)
    at PacketInputStream.onData (/Users/icomer/Documents/ICOMER/UbiGuard/UbiGuard_FMS_v5.6/node_modules/mariadb/lib/io/packet-input-stream.js:169:20)
    at Socket.emit (node:events:513:28)
    at addChunk (node:internal/streams/readable:324:12)
    at readableAddChunk (node:internal/streams/readable:297:9)
    at Readable.push (node:internal/streams/readable:234:10)
    at TCP.onStreamRead (node:internal/stream_base_commons:190:23) {
  text: 'Query was empty',
  sql: " - parameters:['i-hvac-run-1']",
  fatal: false,
  errno: 1065,
  sqlState: '42000',
  code: 'ER_EMPTY_QUERY'
}
[2023/09/04 17:04:50.843] [ERROR] SqlError: (conn=324882, no: 1065, SQLState: 42000) Query was empty
sql:  - parameters:['i-hvac-run-1']
    at module.exports.createError (/Users/icomer/Documents/ICOMER/UbiGuard/UbiGuard_FMS_v5.6/node_modules/mariadb/lib/misc/errors.js:61:10)
    at PacketNodeEncoded.readError (/Users/icomer/Documents/ICOMER/UbiGuard/UbiGuard_FMS_v5.6/node_modules/mariadb/lib/io/packet.js:511:19)
    at Query.readResponsePacket (/Users/icomer/Documents/ICOMER/UbiGuard/UbiGuard_FMS_v5.6/node_modules/mariadb/lib/cmd/resultset.js:46:28)
    at PacketInputStream.receivePacketBasic (/Users/icomer/Documents/ICOMER/UbiGuard/UbiGuard_FMS_v5.6/node_modules/mariadb/lib/io/packet-input-stream.js:104:9)
    at PacketInputStream.onData (/Users/icomer/Documents/ICOMER/UbiGuard/UbiGuard_FMS_v5.6/node_modules/mariadb/lib/io/packet-input-stream.js:169:20)
    at Socket.emit (node:events:513:28)
    at addChunk (node:internal/streams/readable:324:12)
    at readableAddChunk (node:internal/streams/readable:297:9)
    at Readable.push (node:internal/streams/readable:234:10)
    at TCP.onStreamRead (node:internal/stream_base_commons:190:23) {
  text: 'Query was empty',
  sql: " - parameters:['i-hvac-run-1']",
  fatal: false,
  errno: 1065,
  sqlState: '42000',
  code: 'ER_EMPTY_QUERY'
}
[2023/09/04 17:05:03.929] [ERROR] SqlError: (conn=324882, no: 1065, SQLState: 42000) Query was empty
sql:  - parameters:['i-hvac-run-1']
    at module.exports.createError (/Users/icomer/Documents/ICOMER/UbiGuard/UbiGuard_FMS_v5.6/node_modules/mariadb/lib/misc/errors.js:61:10)
    at PacketNodeEncoded.readError (/Users/icomer/Documents/ICOMER/UbiGuard/UbiGuard_FMS_v5.6/node_modules/mariadb/lib/io/packet.js:511:19)
    at Query.readResponsePacket (/Users/icomer/Documents/ICOMER/UbiGuard/UbiGuard_FMS_v5.6/node_modules/mariadb/lib/cmd/resultset.js:46:28)
    at PacketInputStream.receivePacketBasic (/Users/icomer/Documents/ICOMER/UbiGuard/UbiGuard_FMS_v5.6/node_modules/mariadb/lib/io/packet-input-stream.js:104:9)
    at PacketInputStream.onData (/Users/icomer/Documents/ICOMER/UbiGuard/UbiGuard_FMS_v5.6/node_modules/mariadb/lib/io/packet-input-stream.js:169:20)
    at Socket.emit (node:events:513:28)
    at addChunk (node:internal/streams/readable:324:12)
    at readableAddChunk (node:internal/streams/readable:297:9)
    at Readable.push (node:internal/streams/readable:234:10)
    at TCP.onStreamRead (node:internal/stream_base_commons:190:23) {
  text: 'Query was empty',
  sql: " - parameters:['i-hvac-run-1']",
  fatal: false,
  errno: 1065,
  sqlState: '42000',
  code: 'ER_EMPTY_QUERY'
}
