[2021/11/15 11:30:16.691] [ERROR] ClientError [NotFoundError]: Not Found
    at /Users/icomer/Documents/ICOMER/UbiGuard/UbiGuard_FMS_v5.6/app.js:84:10
    at Layer.handle [as handle_request] (/Users/icomer/Documents/ICOMER/UbiGuard/UbiGuard_FMS_v5.6/node_modules/express/lib/router/layer.js:95:5)
    at trim_prefix (/Users/icomer/Documents/ICOMER/UbiGuard/UbiGuard_FMS_v5.6/node_modules/express/lib/router/index.js:317:13)
    at /Users/icomer/Documents/ICOMER/UbiGuard/UbiGuard_FMS_v5.6/node_modules/express/lib/router/index.js:284:7
    at Function.process_params (/Users/icomer/Documents/ICOMER/UbiGuard/UbiGuard_FMS_v5.6/node_modules/express/lib/router/index.js:335:12)
    at next (/Users/icomer/Documents/ICOMER/UbiGuard/UbiGuard_FMS_v5.6/node_modules/express/lib/router/index.js:275:10)
    at /Users/icomer/Documents/ICOMER/UbiGuard/UbiGuard_FMS_v5.6/node_modules/express/lib/router/index.js:635:15
    at next (/Users/icomer/Documents/ICOMER/UbiGuard/UbiGuard_FMS_v5.6/node_modules/express/lib/router/index.js:260:14)
    at Function.handle (/Users/icomer/Documents/ICOMER/UbiGuard/UbiGuard_FMS_v5.6/node_modules/express/lib/router/index.js:174:3)
    at router (/Users/icomer/Documents/ICOMER/UbiGuard/UbiGuard_FMS_v5.6/node_modules/express/lib/router/index.js:47:12)
[2021/11/15 11:42:19.238] [ERROR] ClientError [NotFoundError]: Not Found
    at /Users/icomer/Documents/ICOMER/UbiGuard/UbiGuard_FMS_v5.6/app.js:84:10
    at Layer.handle [as handle_request] (/Users/icomer/Documents/ICOMER/UbiGuard/UbiGuard_FMS_v5.6/node_modules/express/lib/router/layer.js:95:5)
    at trim_prefix (/Users/icomer/Documents/ICOMER/UbiGuard/UbiGuard_FMS_v5.6/node_modules/express/lib/router/index.js:317:13)
    at /Users/icomer/Documents/ICOMER/UbiGuard/UbiGuard_FMS_v5.6/node_modules/express/lib/router/index.js:284:7
    at Function.process_params (/Users/icomer/Documents/ICOMER/UbiGuard/UbiGuard_FMS_v5.6/node_modules/express/lib/router/index.js:335:12)
    at next (/Users/icomer/Documents/ICOMER/UbiGuard/UbiGuard_FMS_v5.6/node_modules/express/lib/router/index.js:275:10)
    at /Users/icomer/Documents/ICOMER/UbiGuard/UbiGuard_FMS_v5.6/node_modules/express/lib/router/index.js:635:15
    at next (/Users/icomer/Documents/ICOMER/UbiGuard/UbiGuard_FMS_v5.6/node_modules/express/lib/router/index.js:260:14)
    at Function.handle (/Users/icomer/Documents/ICOMER/UbiGuard/UbiGuard_FMS_v5.6/node_modules/express/lib/router/index.js:174:3)
    at router (/Users/icomer/Documents/ICOMER/UbiGuard/UbiGuard_FMS_v5.6/node_modules/express/lib/router/index.js:47:12)
[2021/11/15 11:42:20.974] [ERROR] ClientError [NotFoundError]: Not Found
    at /Users/icomer/Documents/ICOMER/UbiGuard/UbiGuard_FMS_v5.6/app.js:84:10
    at Layer.handle [as handle_request] (/Users/icomer/Documents/ICOMER/UbiGuard/UbiGuard_FMS_v5.6/node_modules/express/lib/router/layer.js:95:5)
    at trim_prefix (/Users/icomer/Documents/ICOMER/UbiGuard/UbiGuard_FMS_v5.6/node_modules/express/lib/router/index.js:317:13)
    at /Users/icomer/Documents/ICOMER/UbiGuard/UbiGuard_FMS_v5.6/node_modules/express/lib/router/index.js:284:7
    at Function.process_params (/Users/icomer/Documents/ICOMER/UbiGuard/UbiGuard_FMS_v5.6/node_modules/express/lib/router/index.js:335:12)
    at next (/Users/icomer/Documents/ICOMER/UbiGuard/UbiGuard_FMS_v5.6/node_modules/express/lib/router/index.js:275:10)
    at /Users/icomer/Documents/ICOMER/UbiGuard/UbiGuard_FMS_v5.6/node_modules/express/lib/router/index.js:635:15
    at next (/Users/icomer/Documents/ICOMER/UbiGuard/UbiGuard_FMS_v5.6/node_modules/express/lib/router/index.js:260:14)
    at Function.handle (/Users/icomer/Documents/ICOMER/UbiGuard/UbiGuard_FMS_v5.6/node_modules/express/lib/router/index.js:174:3)
    at router (/Users/icomer/Documents/ICOMER/UbiGuard/UbiGuard_FMS_v5.6/node_modules/express/lib/router/index.js:47:12)
[2021/11/15 11:42:56.612] [ERROR] ClientError [NotFoundError]: Not Found
    at /Users/icomer/Documents/ICOMER/UbiGuard/UbiGuard_FMS_v5.6/app.js:84:10
    at Layer.handle [as handle_request] (/Users/icomer/Documents/ICOMER/UbiGuard/UbiGuard_FMS_v5.6/node_modules/express/lib/router/layer.js:95:5)
    at trim_prefix (/Users/icomer/Documents/ICOMER/UbiGuard/UbiGuard_FMS_v5.6/node_modules/express/lib/router/index.js:317:13)
    at /Users/icomer/Documents/ICOMER/UbiGuard/UbiGuard_FMS_v5.6/node_modules/express/lib/router/index.js:284:7
    at Function.process_params (/Users/icomer/Documents/ICOMER/UbiGuard/UbiGuard_FMS_v5.6/node_modules/express/lib/router/index.js:335:12)
    at next (/Users/icomer/Documents/ICOMER/UbiGuard/UbiGuard_FMS_v5.6/node_modules/express/lib/router/index.js:275:10)
    at /Users/icomer/Documents/ICOMER/UbiGuard/UbiGuard_FMS_v5.6/node_modules/express/lib/router/index.js:635:15
    at next (/Users/icomer/Documents/ICOMER/UbiGuard/UbiGuard_FMS_v5.6/node_modules/express/lib/router/index.js:260:14)
    at Function.handle (/Users/icomer/Documents/ICOMER/UbiGuard/UbiGuard_FMS_v5.6/node_modules/express/lib/router/index.js:174:3)
    at router (/Users/icomer/Documents/ICOMER/UbiGuard/UbiGuard_FMS_v5.6/node_modules/express/lib/router/index.js:47:12)
[2021/11/15 11:42:56.623] [ERROR] [2021/11/15 11:42:59.895] [ERROR] ClientError [NotFoundError]: Not Found
    at /Users/icomer/Documents/ICOMER/UbiGuard/UbiGuard_FMS_v5.6/app.js:84:10
    at Layer.handle [as handle_request] (/Users/icomer/Documents/ICOMER/UbiGuard/UbiGuard_FMS_v5.6/node_modules/express/lib/router/layer.js:95:5)
    at trim_prefix (/Users/icomer/Documents/ICOMER/UbiGuard/UbiGuard_FMS_v5.6/node_modules/express/lib/router/index.js:317:13)
    at /Users/icomer/Documents/ICOMER/UbiGuard/UbiGuard_FMS_v5.6/node_modules/express/lib/router/index.js:284:7
    at Function.process_params (/Users/icomer/Documents/ICOMER/UbiGuard/UbiGuard_FMS_v5.6/node_modules/express/lib/router/index.js:335:12)
    at next (/Users/icomer/Documents/ICOMER/UbiGuard/UbiGuard_FMS_v5.6/node_modules/express/lib/router/index.js:275:10)
    at /Users/icomer/Documents/ICOMER/UbiGuard/UbiGuard_FMS_v5.6/node_modules/express/lib/router/index.js:635:15
    at next (/Users/icomer/Documents/ICOMER/UbiGuard/UbiGuard_FMS_v5.6/node_modules/express/lib/router/index.js:260:14)
    at Function.handle (/Users/icomer/Documents/ICOMER/UbiGuard/UbiGuard_FMS_v5.6/node_modules/express/lib/router/index.js:174:3)
    at router (/Users/icomer/Documents/ICOMER/UbiGuard/UbiGuard_FMS_v5.6/node_modules/express/lib/router/index.js:47:12)
[2021/11/15 11:43:18.564] [ERROR] ClientError [NotFoundError]: Not Found
    at /Users/icomer/Documents/ICOMER/UbiGuard/UbiGuard_FMS_v5.6/app.js:84:10
    at Layer.handle [as handle_request] (/Users/icomer/Documents/ICOMER/UbiGuard/UbiGuard_FMS_v5.6/node_modules/express/lib/router/layer.js:95:5)
    at trim_prefix (/Users/icomer/Documents/ICOMER/UbiGuard/UbiGuard_FMS_v5.6/node_modules/express/lib/router/index.js:317:13)
    at /Users/icomer/Documents/ICOMER/UbiGuard/UbiGuard_FMS_v5.6/node_modules/express/lib/router/index.js:284:7
    at Function.process_params (/Users/icomer/Documents/ICOMER/UbiGuard/UbiGuard_FMS_v5.6/node_modules/express/lib/router/index.js:335:12)
    at next (/Users/icomer/Documents/ICOMER/UbiGuard/UbiGuard_FMS_v5.6/node_modules/express/lib/router/index.js:275:10)
    at /Users/icomer/Documents/ICOMER/UbiGuard/UbiGuard_FMS_v5.6/node_modules/express/lib/router/index.js:635:15
    at next (/Users/icomer/Documents/ICOMER/UbiGuard/UbiGuard_FMS_v5.6/node_modules/express/lib/router/index.js:260:14)
    at Function.handle (/Users/icomer/Documents/ICOMER/UbiGuard/UbiGuard_FMS_v5.6/node_modules/express/lib/router/index.js:174:3)
    at router (/Users/icomer/Documents/ICOMER/UbiGuard/UbiGuard_FMS_v5.6/node_modules/express/lib/router/index.js:47:12)
[2021/11/15 11:44:40.954] [ERROR] ClientError [NotFoundError]: Not Found
    at /Users/icomer/Documents/ICOMER/UbiGuard/UbiGuard_FMS_v5.6/app.js:84:10
    at Layer.handle [as handle_request] (/Users/icomer/Documents/ICOMER/UbiGuard/UbiGuard_FMS_v5.6/node_modules/express/lib/router/layer.js:95:5)
    at trim_prefix (/Users/icomer/Documents/ICOMER/UbiGuard/UbiGuard_FMS_v5.6/node_modules/express/lib/router/index.js:317:13)
    at /Users/icomer/Documents/ICOMER/UbiGuard/UbiGuard_FMS_v5.6/node_modules/express/lib/router/index.js:284:7
    at Function.process_params (/Users/icomer/Documents/ICOMER/UbiGuard/UbiGuard_FMS_v5.6/node_modules/express/lib/router/index.js:335:12)
    at next (/Users/icomer/Documents/ICOMER/UbiGuard/UbiGuard_FMS_v5.6/node_modules/express/lib/router/index.js:275:10)
    at /Users/icomer/Documents/ICOMER/UbiGuard/UbiGuard_FMS_v5.6/node_modules/express/lib/router/index.js:635:15
    at next (/Users/icomer/Documents/ICOMER/UbiGuard/UbiGuard_FMS_v5.6/node_modules/express/lib/router/index.js:260:14)
    at Function.handle (/Users/icomer/Documents/ICOMER/UbiGuard/UbiGuard_FMS_v5.6/node_modules/express/lib/router/index.js:174:3)
    at router (/Users/icomer/Documents/ICOMER/UbiGuard/UbiGuard_FMS_v5.6/node_modules/express/lib/router/index.js:47:12)
[2021/11/15 11:44:40.964] [ERROR] [2021/11/15 11:45:43.112] [ERROR] ClientError [NotFoundError]: Not Found
    at /Users/icomer/Documents/ICOMER/UbiGuard/UbiGuard_FMS_v5.6/app.js:84:10
    at Layer.handle [as handle_request] (/Users/icomer/Documents/ICOMER/UbiGuard/UbiGuard_FMS_v5.6/node_modules/express/lib/router/layer.js:95:5)
    at trim_prefix (/Users/icomer/Documents/ICOMER/UbiGuard/UbiGuard_FMS_v5.6/node_modules/express/lib/router/index.js:317:13)
    at /Users/icomer/Documents/ICOMER/UbiGuard/UbiGuard_FMS_v5.6/node_modules/express/lib/router/index.js:284:7
    at Function.process_params (/Users/icomer/Documents/ICOMER/UbiGuard/UbiGuard_FMS_v5.6/node_modules/express/lib/router/index.js:335:12)
    at next (/Users/icomer/Documents/ICOMER/UbiGuard/UbiGuard_FMS_v5.6/node_modules/express/lib/router/index.js:275:10)
    at /Users/icomer/Documents/ICOMER/UbiGuard/UbiGuard_FMS_v5.6/node_modules/express/lib/router/index.js:635:15
    at next (/Users/icomer/Documents/ICOMER/UbiGuard/UbiGuard_FMS_v5.6/node_modules/express/lib/router/index.js:260:14)
    at Function.handle (/Users/icomer/Documents/ICOMER/UbiGuard/UbiGuard_FMS_v5.6/node_modules/express/lib/router/index.js:174:3)
    at router (/Users/icomer/Documents/ICOMER/UbiGuard/UbiGuard_FMS_v5.6/node_modules/express/lib/router/index.js:47:12)
[2021/11/15 11:50:09.160] [ERROR] ClientError [NotFoundError]: Not Found
    at /Users/icomer/Documents/ICOMER/UbiGuard/UbiGuard_FMS_v5.6/app.js:84:10
    at Layer.handle [as handle_request] (/Users/icomer/Documents/ICOMER/UbiGuard/UbiGuard_FMS_v5.6/node_modules/express/lib/router/layer.js:95:5)
    at trim_prefix (/Users/icomer/Documents/ICOMER/UbiGuard/UbiGuard_FMS_v5.6/node_modules/express/lib/router/index.js:317:13)
    at /Users/icomer/Documents/ICOMER/UbiGuard/UbiGuard_FMS_v5.6/node_modules/express/lib/router/index.js:284:7
    at Function.process_params (/Users/icomer/Documents/ICOMER/UbiGuard/UbiGuard_FMS_v5.6/node_modules/express/lib/router/index.js:335:12)
    at next (/Users/icomer/Documents/ICOMER/UbiGuard/UbiGuard_FMS_v5.6/node_modules/express/lib/router/index.js:275:10)
    at /Users/icomer/Documents/ICOMER/UbiGuard/UbiGuard_FMS_v5.6/node_modules/express/lib/router/index.js:635:15
    at next (/Users/icomer/Documents/ICOMER/UbiGuard/UbiGuard_FMS_v5.6/node_modules/express/lib/router/index.js:260:14)
    at Function.handle (/Users/icomer/Documents/ICOMER/UbiGuard/UbiGuard_FMS_v5.6/node_modules/express/lib/router/index.js:174:3)
    at router (/Users/icomer/Documents/ICOMER/UbiGuard/UbiGuard_FMS_v5.6/node_modules/express/lib/router/index.js:47:12)
[2021/11/15 11:52:40.425] [ERROR] ClientError [NotFoundError]: Not Found
    at /Users/icomer/Documents/ICOMER/UbiGuard/UbiGuard_FMS_v5.6/app.js:84:10
    at Layer.handle [as handle_request] (/Users/icomer/Documents/ICOMER/UbiGuard/UbiGuard_FMS_v5.6/node_modules/express/lib/router/layer.js:95:5)
    at trim_prefix (/Users/icomer/Documents/ICOMER/UbiGuard/UbiGuard_FMS_v5.6/node_modules/express/lib/router/index.js:317:13)
    at /Users/icomer/Documents/ICOMER/UbiGuard/UbiGuard_FMS_v5.6/node_modules/express/lib/router/index.js:284:7
    at Function.process_params (/Users/icomer/Documents/ICOMER/UbiGuard/UbiGuard_FMS_v5.6/node_modules/express/lib/router/index.js:335:12)
    at next (/Users/icomer/Documents/ICOMER/UbiGuard/UbiGuard_FMS_v5.6/node_modules/express/lib/router/index.js:275:10)
    at /Users/icomer/Documents/ICOMER/UbiGuard/UbiGuard_FMS_v5.6/node_modules/express/lib/router/index.js:635:15
    at next (/Users/icomer/Documents/ICOMER/UbiGuard/UbiGuard_FMS_v5.6/node_modules/express/lib/router/index.js:260:14)
    at Function.handle (/Users/icomer/Documents/ICOMER/UbiGuard/UbiGuard_FMS_v5.6/node_modules/express/lib/router/index.js:174:3)
    at router (/Users/icomer/Documents/ICOMER/UbiGuard/UbiGuard_FMS_v5.6/node_modules/express/lib/router/index.js:47:12)
