[2023/11/28 15:07:33.278] [ERROR] SyntaxError: Unexpected token '/' in /Users/icomer/Documents/ICOMER/UbiGuard/UbiGuard_FMS_v5.6/views/index.ejs while compiling ejs

If the above error is not helpful, you may want to try EJS-Lint:
https://github.com/RyanZim/EJS-Lint
Or, if you meant to create an async function, pass `async: true` as an option.
    at new Function (<anonymous>)
    at Template.compile (/Users/icomer/Documents/ICOMER/UbiGuard/UbiGuard_FMS_v5.6/node_modules/ejs/lib/ejs.js:673:12)
    at Object.compile (/Users/icomer/Documents/ICOMER/UbiGuard/UbiGuard_FMS_v5.6/node_modules/ejs/lib/ejs.js:398:16)
    at handleCache (/Users/icomer/Documents/ICOMER/UbiGuard/UbiGuard_FMS_v5.6/node_modules/ejs/lib/ejs.js:235:18)
    at tryHandleCache (/Users/icomer/Documents/ICOMER/UbiGuard/UbiGuard_FMS_v5.6/node_modules/ejs/lib/ejs.js:274:16)
    at exports.renderFile [as engine] (/Users/icomer/Documents/ICOMER/UbiGuard/UbiGuard_FMS_v5.6/node_modules/ejs/lib/ejs.js:491:10)
    at View.render (/Users/icomer/Documents/ICOMER/UbiGuard/UbiGuard_FMS_v5.6/node_modules/express/lib/view.js:135:8)
    at tryRender (/Users/icomer/Documents/ICOMER/UbiGuard/UbiGuard_FMS_v5.6/node_modules/express/lib/application.js:657:10)
    at Function.render (/Users/icomer/Documents/ICOMER/UbiGuard/UbiGuard_FMS_v5.6/node_modules/express/lib/application.js:609:3)
    at ServerResponse.render (/Users/icomer/Documents/ICOMER/UbiGuard/UbiGuard_FMS_v5.6/node_modules/express/lib/response.js:1039:7)
[2023/11/28 15:16:39.703] [ERROR] SyntaxError: Unexpected token '/' in /Users/icomer/Documents/ICOMER/UbiGuard/UbiGuard_FMS_v5.6/views/index.ejs while compiling ejs

If the above error is not helpful, you may want to try EJS-Lint:
https://github.com/RyanZim/EJS-Lint
Or, if you meant to create an async function, pass `async: true` as an option.
    at new Function (<anonymous>)
    at Template.compile (/Users/icomer/Documents/ICOMER/UbiGuard/UbiGuard_FMS_v5.6/node_modules/ejs/lib/ejs.js:673:12)
    at Object.compile (/Users/icomer/Documents/ICOMER/UbiGuard/UbiGuard_FMS_v5.6/node_modules/ejs/lib/ejs.js:398:16)
    at handleCache (/Users/icomer/Documents/ICOMER/UbiGuard/UbiGuard_FMS_v5.6/node_modules/ejs/lib/ejs.js:235:18)
    at tryHandleCache (/Users/icomer/Documents/ICOMER/UbiGuard/UbiGuard_FMS_v5.6/node_modules/ejs/lib/ejs.js:274:16)
    at exports.renderFile [as engine] (/Users/icomer/Documents/ICOMER/UbiGuard/UbiGuard_FMS_v5.6/node_modules/ejs/lib/ejs.js:491:10)
    at View.render (/Users/icomer/Documents/ICOMER/UbiGuard/UbiGuard_FMS_v5.6/node_modules/express/lib/view.js:135:8)
    at tryRender (/Users/icomer/Documents/ICOMER/UbiGuard/UbiGuard_FMS_v5.6/node_modules/express/lib/application.js:657:10)
    at Function.render (/Users/icomer/Documents/ICOMER/UbiGuard/UbiGuard_FMS_v5.6/node_modules/express/lib/application.js:609:3)
    at ServerResponse.render (/Users/icomer/Documents/ICOMER/UbiGuard/UbiGuard_FMS_v5.6/node_modules/express/lib/response.js:1039:7)
[2023/11/28 15:18:02.361] [ERROR] SyntaxError: Unexpected token '/' in /Users/icomer/Documents/ICOMER/UbiGuard/UbiGuard_FMS_v5.6/views/index.ejs while compiling ejs

If the above error is not helpful, you may want to try EJS-Lint:
https://github.com/RyanZim/EJS-Lint
Or, if you meant to create an async function, pass `async: true` as an option.
    at new Function (<anonymous>)
    at Template.compile (/Users/icomer/Documents/ICOMER/UbiGuard/UbiGuard_FMS_v5.6/node_modules/ejs/lib/ejs.js:673:12)
    at Object.compile (/Users/icomer/Documents/ICOMER/UbiGuard/UbiGuard_FMS_v5.6/node_modules/ejs/lib/ejs.js:398:16)
    at handleCache (/Users/icomer/Documents/ICOMER/UbiGuard/UbiGuard_FMS_v5.6/node_modules/ejs/lib/ejs.js:235:18)
    at tryHandleCache (/Users/icomer/Documents/ICOMER/UbiGuard/UbiGuard_FMS_v5.6/node_modules/ejs/lib/ejs.js:274:16)
    at exports.renderFile [as engine] (/Users/icomer/Documents/ICOMER/UbiGuard/UbiGuard_FMS_v5.6/node_modules/ejs/lib/ejs.js:491:10)
    at View.render (/Users/icomer/Documents/ICOMER/UbiGuard/UbiGuard_FMS_v5.6/node_modules/express/lib/view.js:135:8)
    at tryRender (/Users/icomer/Documents/ICOMER/UbiGuard/UbiGuard_FMS_v5.6/node_modules/express/lib/application.js:657:10)
    at Function.render (/Users/icomer/Documents/ICOMER/UbiGuard/UbiGuard_FMS_v5.6/node_modules/express/lib/application.js:609:3)
    at ServerResponse.render (/Users/icomer/Documents/ICOMER/UbiGuard/UbiGuard_FMS_v5.6/node_modules/express/lib/response.js:1039:7)
[2023/11/28 15:22:44.175] [ERROR] SyntaxError: Unexpected token '/' in /Users/icomer/Documents/ICOMER/UbiGuard/UbiGuard_FMS_v5.6/views/index.ejs while compiling ejs

If the above error is not helpful, you may want to try EJS-Lint:
https://github.com/RyanZim/EJS-Lint
Or, if you meant to create an async function, pass `async: true` as an option.
    at new Function (<anonymous>)
    at Template.compile (/Users/icomer/Documents/ICOMER/UbiGuard/UbiGuard_FMS_v5.6/node_modules/ejs/lib/ejs.js:673:12)
    at Object.compile (/Users/icomer/Documents/ICOMER/UbiGuard/UbiGuard_FMS_v5.6/node_modules/ejs/lib/ejs.js:398:16)
    at handleCache (/Users/icomer/Documents/ICOMER/UbiGuard/UbiGuard_FMS_v5.6/node_modules/ejs/lib/ejs.js:235:18)
    at tryHandleCache (/Users/icomer/Documents/ICOMER/UbiGuard/UbiGuard_FMS_v5.6/node_modules/ejs/lib/ejs.js:274:16)
    at exports.renderFile [as engine] (/Users/icomer/Documents/ICOMER/UbiGuard/UbiGuard_FMS_v5.6/node_modules/ejs/lib/ejs.js:491:10)
    at View.render (/Users/icomer/Documents/ICOMER/UbiGuard/UbiGuard_FMS_v5.6/node_modules/express/lib/view.js:135:8)
    at tryRender (/Users/icomer/Documents/ICOMER/UbiGuard/UbiGuard_FMS_v5.6/node_modules/express/lib/application.js:657:10)
    at Function.render (/Users/icomer/Documents/ICOMER/UbiGuard/UbiGuard_FMS_v5.6/node_modules/express/lib/application.js:609:3)
    at ServerResponse.render (/Users/icomer/Documents/ICOMER/UbiGuard/UbiGuard_FMS_v5.6/node_modules/express/lib/response.js:1039:7)
[2023/11/28 15:22:45.082] [ERROR] SyntaxError: Unexpected token '/' in /Users/icomer/Documents/ICOMER/UbiGuard/UbiGuard_FMS_v5.6/views/index.ejs while compiling ejs

If the above error is not helpful, you may want to try EJS-Lint:
https://github.com/RyanZim/EJS-Lint
Or, if you meant to create an async function, pass `async: true` as an option.
    at new Function (<anonymous>)
    at Template.compile (/Users/icomer/Documents/ICOMER/UbiGuard/UbiGuard_FMS_v5.6/node_modules/ejs/lib/ejs.js:673:12)
    at Object.compile (/Users/icomer/Documents/ICOMER/UbiGuard/UbiGuard_FMS_v5.6/node_modules/ejs/lib/ejs.js:398:16)
    at handleCache (/Users/icomer/Documents/ICOMER/UbiGuard/UbiGuard_FMS_v5.6/node_modules/ejs/lib/ejs.js:235:18)
    at tryHandleCache (/Users/icomer/Documents/ICOMER/UbiGuard/UbiGuard_FMS_v5.6/node_modules/ejs/lib/ejs.js:274:16)
    at exports.renderFile [as engine] (/Users/icomer/Documents/ICOMER/UbiGuard/UbiGuard_FMS_v5.6/node_modules/ejs/lib/ejs.js:491:10)
    at View.render (/Users/icomer/Documents/ICOMER/UbiGuard/UbiGuard_FMS_v5.6/node_modules/express/lib/view.js:135:8)
    at tryRender (/Users/icomer/Documents/ICOMER/UbiGuard/UbiGuard_FMS_v5.6/node_modules/express/lib/application.js:657:10)
    at Function.render (/Users/icomer/Documents/ICOMER/UbiGuard/UbiGuard_FMS_v5.6/node_modules/express/lib/application.js:609:3)
    at ServerResponse.render (/Users/icomer/Documents/ICOMER/UbiGuard/UbiGuard_FMS_v5.6/node_modules/express/lib/response.js:1039:7)
[2023/11/28 15:23:11.234] [ERROR] SyntaxError: Unexpected token '/' in /Users/icomer/Documents/ICOMER/UbiGuard/UbiGuard_FMS_v5.6/views/index.ejs while compiling ejs

If the above error is not helpful, you may want to try EJS-Lint:
https://github.com/RyanZim/EJS-Lint
Or, if you meant to create an async function, pass `async: true` as an option.
    at new Function (<anonymous>)
    at Template.compile (/Users/icomer/Documents/ICOMER/UbiGuard/UbiGuard_FMS_v5.6/node_modules/ejs/lib/ejs.js:673:12)
    at Object.compile (/Users/icomer/Documents/ICOMER/UbiGuard/UbiGuard_FMS_v5.6/node_modules/ejs/lib/ejs.js:398:16)
    at handleCache (/Users/icomer/Documents/ICOMER/UbiGuard/UbiGuard_FMS_v5.6/node_modules/ejs/lib/ejs.js:235:18)
    at tryHandleCache (/Users/icomer/Documents/ICOMER/UbiGuard/UbiGuard_FMS_v5.6/node_modules/ejs/lib/ejs.js:274:16)
    at exports.renderFile [as engine] (/Users/icomer/Documents/ICOMER/UbiGuard/UbiGuard_FMS_v5.6/node_modules/ejs/lib/ejs.js:491:10)
    at View.render (/Users/icomer/Documents/ICOMER/UbiGuard/UbiGuard_FMS_v5.6/node_modules/express/lib/view.js:135:8)
    at tryRender (/Users/icomer/Documents/ICOMER/UbiGuard/UbiGuard_FMS_v5.6/node_modules/express/lib/application.js:657:10)
    at Function.render (/Users/icomer/Documents/ICOMER/UbiGuard/UbiGuard_FMS_v5.6/node_modules/express/lib/application.js:609:3)
    at ServerResponse.render (/Users/icomer/Documents/ICOMER/UbiGuard/UbiGuard_FMS_v5.6/node_modules/express/lib/response.js:1039:7)
