[2023/08/02 10:52:08.115] [ERROR] ClientError [NotFoundError]: Not Found
    at /Users/icomer/Documents/ICOMER/UbiGuard/UbiGuard_FMS_v5.6/app.js:94:10
    at Layer.handle [as handle_request] (/Users/icomer/Documents/ICOMER/UbiGuard/UbiGuard_FMS_v5.6/node_modules/express/lib/router/layer.js:95:5)
    at trim_prefix (/Users/icomer/Documents/ICOMER/UbiGuard/UbiGuard_FMS_v5.6/node_modules/express/lib/router/index.js:317:13)
    at /Users/icomer/Documents/ICOMER/UbiGuard/UbiGuard_FMS_v5.6/node_modules/express/lib/router/index.js:284:7
    at Function.process_params (/Users/icomer/Documents/ICOMER/UbiGuard/UbiGuard_FMS_v5.6/node_modules/express/lib/router/index.js:335:12)
    at next (/Users/icomer/Documents/ICOMER/UbiGuard/UbiGuard_FMS_v5.6/node_modules/express/lib/router/index.js:275:10)
    at /Users/icomer/Documents/ICOMER/UbiGuard/UbiGuard_FMS_v5.6/node_modules/express/lib/router/index.js:635:15
    at next (/Users/icomer/Documents/ICOMER/UbiGuard/UbiGuard_FMS_v5.6/node_modules/express/lib/router/index.js:260:14)
    at Function.handle (/Users/icomer/Documents/ICOMER/UbiGuard/UbiGuard_FMS_v5.6/node_modules/express/lib/router/index.js:174:3)
    at router (/Users/icomer/Documents/ICOMER/UbiGuard/UbiGuard_FMS_v5.6/node_modules/express/lib/router/index.js:47:12)
[2023/08/02 10:52:08.229] [ERROR] ClientError [NotFoundError]: Not Found
    at /Users/icomer/Documents/ICOMER/UbiGuard/UbiGuard_FMS_v5.6/app.js:94:10
    at Layer.handle [as handle_request] (/Users/icomer/Documents/ICOMER/UbiGuard/UbiGuard_FMS_v5.6/node_modules/express/lib/router/layer.js:95:5)
    at trim_prefix (/Users/icomer/Documents/ICOMER/UbiGuard/UbiGuard_FMS_v5.6/node_modules/express/lib/router/index.js:317:13)
    at /Users/icomer/Documents/ICOMER/UbiGuard/UbiGuard_FMS_v5.6/node_modules/express/lib/router/index.js:284:7
    at Function.process_params (/Users/icomer/Documents/ICOMER/UbiGuard/UbiGuard_FMS_v5.6/node_modules/express/lib/router/index.js:335:12)
    at next (/Users/icomer/Documents/ICOMER/UbiGuard/UbiGuard_FMS_v5.6/node_modules/express/lib/router/index.js:275:10)
    at /Users/icomer/Documents/ICOMER/UbiGuard/UbiGuard_FMS_v5.6/node_modules/express/lib/router/index.js:635:15
    at next (/Users/icomer/Documents/ICOMER/UbiGuard/UbiGuard_FMS_v5.6/node_modules/express/lib/router/index.js:260:14)
    at Function.handle (/Users/icomer/Documents/ICOMER/UbiGuard/UbiGuard_FMS_v5.6/node_modules/express/lib/router/index.js:174:3)
    at router (/Users/icomer/Documents/ICOMER/UbiGuard/UbiGuard_FMS_v5.6/node_modules/express/lib/router/index.js:47:12)
[2023/08/02 11:11:17.618] [ERROR] ClientError [NotFoundError]: Not Found
    at /Users/icomer/Documents/ICOMER/UbiGuard/UbiGuard_FMS_v5.6/app.js:94:10
    at Layer.handle [as handle_request] (/Users/icomer/Documents/ICOMER/UbiGuard/UbiGuard_FMS_v5.6/node_modules/express/lib/router/layer.js:95:5)
    at trim_prefix (/Users/icomer/Documents/ICOMER/UbiGuard/UbiGuard_FMS_v5.6/node_modules/express/lib/router/index.js:317:13)
    at /Users/icomer/Documents/ICOMER/UbiGuard/UbiGuard_FMS_v5.6/node_modules/express/lib/router/index.js:284:7
    at Function.process_params (/Users/icomer/Documents/ICOMER/UbiGuard/UbiGuard_FMS_v5.6/node_modules/express/lib/router/index.js:335:12)
    at next (/Users/icomer/Documents/ICOMER/UbiGuard/UbiGuard_FMS_v5.6/node_modules/express/lib/router/index.js:275:10)
    at /Users/icomer/Documents/ICOMER/UbiGuard/UbiGuard_FMS_v5.6/node_modules/express/lib/router/index.js:635:15
    at next (/Users/icomer/Documents/ICOMER/UbiGuard/UbiGuard_FMS_v5.6/node_modules/express/lib/router/index.js:260:14)
    at Function.handle (/Users/icomer/Documents/ICOMER/UbiGuard/UbiGuard_FMS_v5.6/node_modules/express/lib/router/index.js:174:3)
    at router (/Users/icomer/Documents/ICOMER/UbiGuard/UbiGuard_FMS_v5.6/node_modules/express/lib/router/index.js:47:12)
[2023/08/02 15:23:10.874] [ERROR] ClientError [NotFoundError]: Not Found
    at /Users/icomer/Documents/ICOMER/UbiGuard/UbiGuard_FMS_v5.6/app.js:94:10
    at Layer.handle [as handle_request] (/Users/icomer/Documents/ICOMER/UbiGuard/UbiGuard_FMS_v5.6/node_modules/express/lib/router/layer.js:95:5)
    at trim_prefix (/Users/icomer/Documents/ICOMER/UbiGuard/UbiGuard_FMS_v5.6/node_modules/express/lib/router/index.js:317:13)
    at /Users/icomer/Documents/ICOMER/UbiGuard/UbiGuard_FMS_v5.6/node_modules/express/lib/router/index.js:284:7
    at Function.process_params (/Users/icomer/Documents/ICOMER/UbiGuard/UbiGuard_FMS_v5.6/node_modules/express/lib/router/index.js:335:12)
    at next (/Users/icomer/Documents/ICOMER/UbiGuard/UbiGuard_FMS_v5.6/node_modules/express/lib/router/index.js:275:10)
    at /Users/icomer/Documents/ICOMER/UbiGuard/UbiGuard_FMS_v5.6/node_modules/express/lib/router/index.js:635:15
    at next (/Users/icomer/Documents/ICOMER/UbiGuard/UbiGuard_FMS_v5.6/node_modules/express/lib/router/index.js:260:14)
    at Function.handle (/Users/icomer/Documents/ICOMER/UbiGuard/UbiGuard_FMS_v5.6/node_modules/express/lib/router/index.js:174:3)
    at router (/Users/icomer/Documents/ICOMER/UbiGuard/UbiGuard_FMS_v5.6/node_modules/express/lib/router/index.js:47:12)
[2023/08/02 15:23:11.724] [ERROR] ClientError [NotFoundError]: Not Found
    at /Users/icomer/Documents/ICOMER/UbiGuard/UbiGuard_FMS_v5.6/app.js:94:10
    at Layer.handle [as handle_request] (/Users/icomer/Documents/ICOMER/UbiGuard/UbiGuard_FMS_v5.6/node_modules/express/lib/router/layer.js:95:5)
    at trim_prefix (/Users/icomer/Documents/ICOMER/UbiGuard/UbiGuard_FMS_v5.6/node_modules/express/lib/router/index.js:317:13)
    at /Users/icomer/Documents/ICOMER/UbiGuard/UbiGuard_FMS_v5.6/node_modules/express/lib/router/index.js:284:7
    at Function.process_params (/Users/icomer/Documents/ICOMER/UbiGuard/UbiGuard_FMS_v5.6/node_modules/express/lib/router/index.js:335:12)
    at next (/Users/icomer/Documents/ICOMER/UbiGuard/UbiGuard_FMS_v5.6/node_modules/express/lib/router/index.js:275:10)
    at /Users/icomer/Documents/ICOMER/UbiGuard/UbiGuard_FMS_v5.6/node_modules/express/lib/router/index.js:635:15
    at next (/Users/icomer/Documents/ICOMER/UbiGuard/UbiGuard_FMS_v5.6/node_modules/express/lib/router/index.js:260:14)
    at Function.handle (/Users/icomer/Documents/ICOMER/UbiGuard/UbiGuard_FMS_v5.6/node_modules/express/lib/router/index.js:174:3)
    at router (/Users/icomer/Documents/ICOMER/UbiGuard/UbiGuard_FMS_v5.6/node_modules/express/lib/router/index.js:47:12)
[2023/08/02 15:23:20.056] [ERROR] ClientError [NotFoundError]: Not Found
    at /Users/icomer/Documents/ICOMER/UbiGuard/UbiGuard_FMS_v5.6/app.js:94:10
    at Layer.handle [as handle_request] (/Users/icomer/Documents/ICOMER/UbiGuard/UbiGuard_FMS_v5.6/node_modules/express/lib/router/layer.js:95:5)
    at trim_prefix (/Users/icomer/Documents/ICOMER/UbiGuard/UbiGuard_FMS_v5.6/node_modules/express/lib/router/index.js:317:13)
    at /Users/icomer/Documents/ICOMER/UbiGuard/UbiGuard_FMS_v5.6/node_modules/express/lib/router/index.js:284:7
    at Function.process_params (/Users/icomer/Documents/ICOMER/UbiGuard/UbiGuard_FMS_v5.6/node_modules/express/lib/router/index.js:335:12)
    at next (/Users/icomer/Documents/ICOMER/UbiGuard/UbiGuard_FMS_v5.6/node_modules/express/lib/router/index.js:275:10)
    at /Users/icomer/Documents/ICOMER/UbiGuard/UbiGuard_FMS_v5.6/node_modules/express/lib/router/index.js:635:15
    at next (/Users/icomer/Documents/ICOMER/UbiGuard/UbiGuard_FMS_v5.6/node_modules/express/lib/router/index.js:260:14)
    at Function.handle (/Users/icomer/Documents/ICOMER/UbiGuard/UbiGuard_FMS_v5.6/node_modules/express/lib/router/index.js:174:3)
    at router (/Users/icomer/Documents/ICOMER/UbiGuard/UbiGuard_FMS_v5.6/node_modules/express/lib/router/index.js:47:12)
[2023/08/02 15:23:21.090] [ERROR] ClientError [NotFoundError]: Not Found
    at /Users/icomer/Documents/ICOMER/UbiGuard/UbiGuard_FMS_v5.6/app.js:94:10
    at Layer.handle [as handle_request] (/Users/icomer/Documents/ICOMER/UbiGuard/UbiGuard_FMS_v5.6/node_modules/express/lib/router/layer.js:95:5)
    at trim_prefix (/Users/icomer/Documents/ICOMER/UbiGuard/UbiGuard_FMS_v5.6/node_modules/express/lib/router/index.js:317:13)
    at /Users/icomer/Documents/ICOMER/UbiGuard/UbiGuard_FMS_v5.6/node_modules/express/lib/router/index.js:284:7
    at Function.process_params (/Users/icomer/Documents/ICOMER/UbiGuard/UbiGuard_FMS_v5.6/node_modules/express/lib/router/index.js:335:12)
    at next (/Users/icomer/Documents/ICOMER/UbiGuard/UbiGuard_FMS_v5.6/node_modules/express/lib/router/index.js:275:10)
    at /Users/icomer/Documents/ICOMER/UbiGuard/UbiGuard_FMS_v5.6/node_modules/express/lib/router/index.js:635:15
    at next (/Users/icomer/Documents/ICOMER/UbiGuard/UbiGuard_FMS_v5.6/node_modules/express/lib/router/index.js:260:14)
    at Function.handle (/Users/icomer/Documents/ICOMER/UbiGuard/UbiGuard_FMS_v5.6/node_modules/express/lib/router/index.js:174:3)
    at router (/Users/icomer/Documents/ICOMER/UbiGuard/UbiGuard_FMS_v5.6/node_modules/express/lib/router/index.js:47:12)
[2023/08/02 15:23:32.236] [ERROR] ClientError [NotFoundError]: Not Found
    at /Users/icomer/Documents/ICOMER/UbiGuard/UbiGuard_FMS_v5.6/app.js:94:10
    at Layer.handle [as handle_request] (/Users/icomer/Documents/ICOMER/UbiGuard/UbiGuard_FMS_v5.6/node_modules/express/lib/router/layer.js:95:5)
    at trim_prefix (/Users/icomer/Documents/ICOMER/UbiGuard/UbiGuard_FMS_v5.6/node_modules/express/lib/router/index.js:317:13)
    at /Users/icomer/Documents/ICOMER/UbiGuard/UbiGuard_FMS_v5.6/node_modules/express/lib/router/index.js:284:7
    at Function.process_params (/Users/icomer/Documents/ICOMER/UbiGuard/UbiGuard_FMS_v5.6/node_modules/express/lib/router/index.js:335:12)
    at next (/Users/icomer/Documents/ICOMER/UbiGuard/UbiGuard_FMS_v5.6/node_modules/express/lib/router/index.js:275:10)
    at /Users/icomer/Documents/ICOMER/UbiGuard/UbiGuard_FMS_v5.6/node_modules/express/lib/router/index.js:635:15
    at next (/Users/icomer/Documents/ICOMER/UbiGuard/UbiGuard_FMS_v5.6/node_modules/express/lib/router/index.js:260:14)
    at Function.handle (/Users/icomer/Documents/ICOMER/UbiGuard/UbiGuard_FMS_v5.6/node_modules/express/lib/router/index.js:174:3)
    at router (/Users/icomer/Documents/ICOMER/UbiGuard/UbiGuard_FMS_v5.6/node_modules/express/lib/router/index.js:47:12)
[2023/08/02 16:05:34.972] [ERROR] ClientError [NotFoundError]: Not Found
    at /Users/icomer/Documents/ICOMER/UbiGuard/UbiGuard_FMS_v5.6/app.js:94:10
    at Layer.handle [as handle_request] (/Users/icomer/Documents/ICOMER/UbiGuard/UbiGuard_FMS_v5.6/node_modules/express/lib/router/layer.js:95:5)
    at trim_prefix (/Users/icomer/Documents/ICOMER/UbiGuard/UbiGuard_FMS_v5.6/node_modules/express/lib/router/index.js:317:13)
    at /Users/icomer/Documents/ICOMER/UbiGuard/UbiGuard_FMS_v5.6/node_modules/express/lib/router/index.js:284:7
    at Function.process_params (/Users/icomer/Documents/ICOMER/UbiGuard/UbiGuard_FMS_v5.6/node_modules/express/lib/router/index.js:335:12)
    at next (/Users/icomer/Documents/ICOMER/UbiGuard/UbiGuard_FMS_v5.6/node_modules/express/lib/router/index.js:275:10)
    at /Users/icomer/Documents/ICOMER/UbiGuard/UbiGuard_FMS_v5.6/node_modules/express/lib/router/index.js:635:15
    at next (/Users/icomer/Documents/ICOMER/UbiGuard/UbiGuard_FMS_v5.6/node_modules/express/lib/router/index.js:260:14)
    at Function.handle (/Users/icomer/Documents/ICOMER/UbiGuard/UbiGuard_FMS_v5.6/node_modules/express/lib/router/index.js:174:3)
    at router (/Users/icomer/Documents/ICOMER/UbiGuard/UbiGuard_FMS_v5.6/node_modules/express/lib/router/index.js:47:12)
