[2021/12/28 13:33:21.563] [ERROR] SqlError: (conn=76491, no: 1146, SQLState: 42S02) Table 'ug56_db.in_object' doesn't exist
sql: SELECT io.id AS object_id, ig.parent_object_id AS object_parent_id, io.name AS object_name, io.code_id AS object_code_id, ic1.`type` AS object_code_type, ic1.icon AS object_code_icon FROM in_object io JOIN in_code ic1 ON io.code_id = ic1.id INNER JOIN in_group ig ON ig.object_id = io.id AND ig.b_delete = 0  WHERE io.b_delete = 0 ORDER BY io.code_id != 'I2000', io.name; - parameters:[]
    at Object.module.exports.createError (/Users/icomer/Documents/ICOMER/UbiGuard/UbiGuard_FMS_v5.6/node_modules/mariadb/lib/misc/errors.js:55:10)
    at PacketNodeEncoded.readError (/Users/icomer/Documents/ICOMER/UbiGuard/UbiGuard_FMS_v5.6/node_modules/mariadb/lib/io/packet.js:523:19)
    at Query.readResponsePacket (/Users/icomer/Documents/ICOMER/UbiGuard/UbiGuard_FMS_v5.6/node_modules/mariadb/lib/cmd/resultset.js:46:28)
    at PacketInputStream.receivePacketBasic (/Users/icomer/Documents/ICOMER/UbiGuard/UbiGuard_FMS_v5.6/node_modules/mariadb/lib/io/packet-input-stream.js:104:9)
    at PacketInputStream.onData (/Users/icomer/Documents/ICOMER/UbiGuard/UbiGuard_FMS_v5.6/node_modules/mariadb/lib/io/packet-input-stream.js:169:20)
    at Socket.emit (events.js:376:20)
    at addChunk (internal/streams/readable.js:309:12)
    at readableAddChunk (internal/streams/readable.js:284:9)
    at Socket.Readable.push (internal/streams/readable.js:223:10)
    at TCP.onStreamRead (internal/stream_base_commons.js:188:23) {
  fatal: false,
  errno: 1146,
  sqlState: '42S02',
  code: 'ER_NO_SUCH_TABLE'
}
[2021/12/28 13:33:21.672] [ERROR] SqlError: (conn=76492, no: 1146, SQLState: 42S02) Table 'ug56_db.in_model' doesn't exist
sql: SELECT in_model.id, in_model.name, in_model.rack_unit, if((SELECT in_company.b_delete FROM in_company WHERE in_company.id = in_model.company_id) = true, '0', in_model.company_id) AS company_id, if((SELECT in_company.b_delete FROM in_company WHERE in_company.id = in_model.company_id) = true, '', in_company.name) AS company_name FROM in_model INNER JOIN in_company ON in_model.company_id = in_company.id WHERE in_model.b_delete = false ORDER BY in_model.id; - parameters:[]
    at Object.module.exports.createError (/Users/icomer/Documents/ICOMER/UbiGuard/UbiGuard_FMS_v5.6/node_modules/mariadb/lib/misc/errors.js:55:10)
    at PacketNodeEncoded.readError (/Users/icomer/Documents/ICOMER/UbiGuard/UbiGuard_FMS_v5.6/node_modules/mariadb/lib/io/packet.js:523:19)
    at Query.readResponsePacket (/Users/icomer/Documents/ICOMER/UbiGuard/UbiGuard_FMS_v5.6/node_modules/mariadb/lib/cmd/resultset.js:46:28)
    at PacketInputStream.receivePacketBasic (/Users/icomer/Documents/ICOMER/UbiGuard/UbiGuard_FMS_v5.6/node_modules/mariadb/lib/io/packet-input-stream.js:104:9)
    at PacketInputStream.onData (/Users/icomer/Documents/ICOMER/UbiGuard/UbiGuard_FMS_v5.6/node_modules/mariadb/lib/io/packet-input-stream.js:169:20)
    at Socket.emit (events.js:376:20)
    at addChunk (internal/streams/readable.js:309:12)
    at readableAddChunk (internal/streams/readable.js:284:9)
    at Socket.Readable.push (internal/streams/readable.js:223:10)
    at TCP.onStreamRead (internal/stream_base_commons.js:188:23) {
  fatal: false,
  errno: 1146,
  sqlState: '42S02',
  code: 'ER_NO_SUCH_TABLE'
}
[2021/12/28 13:33:21.682] [ERROR] SqlError: (conn=76331, no: 1146, SQLState: 42S02) Table 'ug56_db.in_worker' doesn't exist
sql: SELECT in_worker.id, in_worker.code_id, in_code.name AS code_name, in_worker.name, in_worker.telephone, in_worker.phone, in_worker.email, if((SELECT in_company.b_delete FROM in_company WHERE in_company.id = in_worker.company_id) = true, '0' , in_worker.company_id) AS company_id, if((SELECT in_company.b_delete FROM in_company WHERE in_company.id = in_worker.company_id) = true, '', in_company.name) AS company_name FROM in_worker INNER JOIN in_code ON in_worker.code_id = in_code.id INNER JOIN in_company ON in_worker.company_id = in_company.id WHERE in_worker.b_delete = false ORDER BY in_worker.id; - parameters:[]
    at Object.module.exports.createError (/Users/icomer/Documents/ICOMER/UbiGuard/UbiGuard_FMS_v5.6/node_modules/mariadb/lib/misc/errors.js:55:10)
    at PacketNodeEncoded.readError (/Users/icomer/Documents/ICOMER/UbiGuard/UbiGuard_FMS_v5.6/node_modules/mariadb/lib/io/packet.js:523:19)
    at Query.readResponsePacket (/Users/icomer/Documents/ICOMER/UbiGuard/UbiGuard_FMS_v5.6/node_modules/mariadb/lib/cmd/resultset.js:46:28)
    at PacketInputStream.receivePacketBasic (/Users/icomer/Documents/ICOMER/UbiGuard/UbiGuard_FMS_v5.6/node_modules/mariadb/lib/io/packet-input-stream.js:104:9)
    at PacketInputStream.onData (/Users/icomer/Documents/ICOMER/UbiGuard/UbiGuard_FMS_v5.6/node_modules/mariadb/lib/io/packet-input-stream.js:169:20)
    at Socket.emit (events.js:376:20)
    at addChunk (internal/streams/readable.js:309:12)
    at readableAddChunk (internal/streams/readable.js:284:9)
    at Socket.Readable.push (internal/streams/readable.js:223:10)
    at TCP.onStreamRead (internal/stream_base_commons.js:188:23) {
  fatal: false,
  errno: 1146,
  sqlState: '42S02',
  code: 'ER_NO_SUCH_TABLE'
}
[2021/12/28 13:33:21.693] [ERROR] [2021/12/28 13:33:21.700] [ERROR] [2021/12/28 14:26:33.899] [ERROR] SqlError: (conn=76893, no: 1146, SQLState: 42S02) Table 'ug56_db.in_object' doesn't exist
sql: SELECT io.id AS object_id, ig.parent_object_id AS object_parent_id, io.name AS object_name, io.code_id AS object_code_id, ic1.`type` AS object_code_type, ic1.icon AS object_code_icon FROM in_object io JOIN in_code ic1 ON io.code_id = ic1.id INNER JOIN in_group ig ON ig.object_id = io.id AND ig.b_delete = 0  WHERE io.b_delete = 0 ORDER BY io.code_id != 'I2000', io.name; - parameters:[]
    at Object.module.exports.createError (/Users/icomer/Documents/ICOMER/UbiGuard/UbiGuard_FMS_v5.6/node_modules/mariadb/lib/misc/errors.js:55:10)
    at PacketNodeEncoded.readError (/Users/icomer/Documents/ICOMER/UbiGuard/UbiGuard_FMS_v5.6/node_modules/mariadb/lib/io/packet.js:523:19)
    at Query.readResponsePacket (/Users/icomer/Documents/ICOMER/UbiGuard/UbiGuard_FMS_v5.6/node_modules/mariadb/lib/cmd/resultset.js:46:28)
    at PacketInputStream.receivePacketBasic (/Users/icomer/Documents/ICOMER/UbiGuard/UbiGuard_FMS_v5.6/node_modules/mariadb/lib/io/packet-input-stream.js:104:9)
    at PacketInputStream.onData (/Users/icomer/Documents/ICOMER/UbiGuard/UbiGuard_FMS_v5.6/node_modules/mariadb/lib/io/packet-input-stream.js:169:20)
    at Socket.emit (events.js:376:20)
    at addChunk (internal/streams/readable.js:309:12)
    at readableAddChunk (internal/streams/readable.js:284:9)
    at Socket.Readable.push (internal/streams/readable.js:223:10)
    at TCP.onStreamRead (internal/stream_base_commons.js:188:23) {
  fatal: false,
  errno: 1146,
  sqlState: '42S02',
  code: 'ER_NO_SUCH_TABLE'
}
[2021/12/28 14:26:34.007] [ERROR] SqlError: (conn=76894, no: 1146, SQLState: 42S02) Table 'ug56_db.in_model' doesn't exist
sql: SELECT in_model.id, in_model.name, in_model.rack_unit, if((SELECT in_company.b_delete FROM in_company WHERE in_company.id = in_model.company_id) = true, '0', in_model.company_id) AS company_id, if((SELECT in_company.b_delete FROM in_company WHERE in_company.id = in_model.company_id) = true, '', in_company.name) AS company_name FROM in_model INNER JOIN in_company ON in_model.company_id = in_company.id WHERE in_model.b_delete = false ORDER BY in_model.id; - parameters:[]
    at Object.module.exports.createError (/Users/icomer/Documents/ICOMER/UbiGuard/UbiGuard_FMS_v5.6/node_modules/mariadb/lib/misc/errors.js:55:10)
    at PacketNodeEncoded.readError (/Users/icomer/Documents/ICOMER/UbiGuard/UbiGuard_FMS_v5.6/node_modules/mariadb/lib/io/packet.js:523:19)
    at Query.readResponsePacket (/Users/icomer/Documents/ICOMER/UbiGuard/UbiGuard_FMS_v5.6/node_modules/mariadb/lib/cmd/resultset.js:46:28)
    at PacketInputStream.receivePacketBasic (/Users/icomer/Documents/ICOMER/UbiGuard/UbiGuard_FMS_v5.6/node_modules/mariadb/lib/io/packet-input-stream.js:104:9)
    at PacketInputStream.onData (/Users/icomer/Documents/ICOMER/UbiGuard/UbiGuard_FMS_v5.6/node_modules/mariadb/lib/io/packet-input-stream.js:169:20)
    at Socket.emit (events.js:376:20)
    at addChunk (internal/streams/readable.js:309:12)
    at readableAddChunk (internal/streams/readable.js:284:9)
    at Socket.Readable.push (internal/streams/readable.js:223:10)
    at TCP.onStreamRead (internal/stream_base_commons.js:188:23) {
  fatal: false,
  errno: 1146,
  sqlState: '42S02',
  code: 'ER_NO_SUCH_TABLE'
}
[2021/12/28 14:26:34.019] [ERROR] SqlError: (conn=76895, no: 1146, SQLState: 42S02) Table 'ug56_db.in_worker' doesn't exist
sql: SELECT in_worker.id, in_worker.code_id, in_code.name AS code_name, in_worker.name, in_worker.telephone, in_worker.phone, in_worker.email, if((SELECT in_company.b_delete FROM in_company WHERE in_company.id = in_worker.company_id) = true, '0' , in_worker.company_id) AS company_id, if((SELECT in_company.b_delete FROM in_company WHERE in_company.id = in_worker.company_id) = true, '', in_company.name) AS company_name FROM in_worker INNER JOIN in_code ON in_worker.code_id = in_code.id INNER JOIN in_company ON in_worker.company_id = in_company.id WHERE in_worker.b_delete = false ORDER BY in_worker.id; - parameters:[]
    at Object.module.exports.createError (/Users/icomer/Documents/ICOMER/UbiGuard/UbiGuard_FMS_v5.6/node_modules/mariadb/lib/misc/errors.js:55:10)
    at PacketNodeEncoded.readError (/Users/icomer/Documents/ICOMER/UbiGuard/UbiGuard_FMS_v5.6/node_modules/mariadb/lib/io/packet.js:523:19)
    at Query.readResponsePacket (/Users/icomer/Documents/ICOMER/UbiGuard/UbiGuard_FMS_v5.6/node_modules/mariadb/lib/cmd/resultset.js:46:28)
    at PacketInputStream.receivePacketBasic (/Users/icomer/Documents/ICOMER/UbiGuard/UbiGuard_FMS_v5.6/node_modules/mariadb/lib/io/packet-input-stream.js:104:9)
    at PacketInputStream.onData (/Users/icomer/Documents/ICOMER/UbiGuard/UbiGuard_FMS_v5.6/node_modules/mariadb/lib/io/packet-input-stream.js:169:20)
    at Socket.emit (events.js:376:20)
    at addChunk (internal/streams/readable.js:309:12)
    at readableAddChunk (internal/streams/readable.js:284:9)
    at Socket.Readable.push (internal/streams/readable.js:223:10)
    at TCP.onStreamRead (internal/stream_base_commons.js:188:23) {
  fatal: false,
  errno: 1146,
  sqlState: '42S02',
  code: 'ER_NO_SUCH_TABLE'
}
[2021/12/28 14:26:34.031] [ERROR] SqlError: (conn=76896, no: 1146, SQLState: 42S02) Table 'ug56_db.in_company' doesn't exist
sql: SELECT * FROM in_company WHERE in_company.b_delete = false ORDER BY in_company.id; - parameters:[]
    at Object.module.exports.createError (/Users/icomer/Documents/ICOMER/UbiGuard/UbiGuard_FMS_v5.6/node_modules/mariadb/lib/misc/errors.js:55:10)
    at PacketNodeEncoded.readError (/Users/icomer/Documents/ICOMER/UbiGuard/UbiGuard_FMS_v5.6/node_modules/mariadb/lib/io/packet.js:523:19)
    at Query.readResponsePacket (/Users/icomer/Documents/ICOMER/UbiGuard/UbiGuard_FMS_v5.6/node_modules/mariadb/lib/cmd/resultset.js:46:28)
    at PacketInputStream.receivePacketBasic (/Users/icomer/Documents/ICOMER/UbiGuard/UbiGuard_FMS_v5.6/node_modules/mariadb/lib/io/packet-input-stream.js:104:9)
    at PacketInputStream.onData (/Users/icomer/Documents/ICOMER/UbiGuard/UbiGuard_FMS_v5.6/node_modules/mariadb/lib/io/packet-input-stream.js:169:20)
    at Socket.emit (events.js:376:20)
    at addChunk (internal/streams/readable.js:309:12)
    at readableAddChunk (internal/streams/readable.js:284:9)
    at Socket.Readable.push (internal/streams/readable.js:223:10)
    at TCP.onStreamRead (internal/stream_base_commons.js:188:23) {
  fatal: false,
  errno: 1146,
  sqlState: '42S02',
  code: 'ER_NO_SUCH_TABLE'
}
[2021/12/28 14:26:34.047] [ERROR] SqlError: (conn=76898, no: 1146, SQLState: 42S02) Table 'ug56_db.in_code' doesn't exist
sql: SELECT in_code.id, in_code.`type`, in_code.name, in_code.icon, in_code.description FROM in_code WHERE in_code.type = ? ORDER BY in_code.id; - parameters:['O']
    at Object.module.exports.createError (/Users/icomer/Documents/ICOMER/UbiGuard/UbiGuard_FMS_v5.6/node_modules/mariadb/lib/misc/errors.js:55:10)
    at PacketNodeEncoded.readError (/Users/icomer/Documents/ICOMER/UbiGuard/UbiGuard_FMS_v5.6/node_modules/mariadb/lib/io/packet.js:523:19)
    at Query.readResponsePacket (/Users/icomer/Documents/ICOMER/UbiGuard/UbiGuard_FMS_v5.6/node_modules/mariadb/lib/cmd/resultset.js:46:28)
    at PacketInputStream.receivePacketBasic (/Users/icomer/Documents/ICOMER/UbiGuard/UbiGuard_FMS_v5.6/node_modules/mariadb/lib/io/packet-input-stream.js:104:9)
    at PacketInputStream.onData (/Users/icomer/Documents/ICOMER/UbiGuard/UbiGuard_FMS_v5.6/node_modules/mariadb/lib/io/packet-input-stream.js:169:20)
    at Socket.emit (events.js:376:20)
    at addChunk (internal/streams/readable.js:309:12)
    at readableAddChunk (internal/streams/readable.js:284:9)
    at Socket.Readable.push (internal/streams/readable.js:223:10)
    at TCP.onStreamRead (internal/stream_base_commons.js:188:23) {
  fatal: false,
  errno: 1146,
  sqlState: '42S02',
  code: 'ER_NO_SUCH_TABLE'
}
[2021/12/28 16:48:46.563] [ERROR] ClientError [NotFoundError]: Not Found
    at /Users/icomer/Documents/ICOMER/UbiGuard/UbiGuard_FMS_v5.6/app.js:86:10
    at Layer.handle [as handle_request] (/Users/icomer/Documents/ICOMER/UbiGuard/UbiGuard_FMS_v5.6/node_modules/express/lib/router/layer.js:95:5)
    at trim_prefix (/Users/icomer/Documents/ICOMER/UbiGuard/UbiGuard_FMS_v5.6/node_modules/express/lib/router/index.js:317:13)
    at /Users/icomer/Documents/ICOMER/UbiGuard/UbiGuard_FMS_v5.6/node_modules/express/lib/router/index.js:284:7
    at Function.process_params (/Users/icomer/Documents/ICOMER/UbiGuard/UbiGuard_FMS_v5.6/node_modules/express/lib/router/index.js:335:12)
    at next (/Users/icomer/Documents/ICOMER/UbiGuard/UbiGuard_FMS_v5.6/node_modules/express/lib/router/index.js:275:10)
    at /Users/icomer/Documents/ICOMER/UbiGuard/UbiGuard_FMS_v5.6/node_modules/express/lib/router/index.js:635:15
    at next (/Users/icomer/Documents/ICOMER/UbiGuard/UbiGuard_FMS_v5.6/node_modules/express/lib/router/index.js:260:14)
    at Function.handle (/Users/icomer/Documents/ICOMER/UbiGuard/UbiGuard_FMS_v5.6/node_modules/express/lib/router/index.js:174:3)
    at router (/Users/icomer/Documents/ICOMER/UbiGuard/UbiGuard_FMS_v5.6/node_modules/express/lib/router/index.js:47:12)
