[2022/06/09 16:31:34.682] [ERROR] SqlError: Parameter at position 1 is undefined
sql: SELECT 1 AS sorting, CASE group_name WHEN '기타' THEN 1 ELSE 1 END AS group_sorting, CONCAT('G_', group_id) AS id, CONCAT('G_', IFNULL(p_group_id, 0)) AS pid, group_name AS name, current_level AS level, 'group' AS icon, 'Y' AS isAvailable, imageName, null AS...
    at Object.module.exports.createError (/Users/icomer/Documents/ICOMER/UbiGuard/UbiGuard_FMS_v5.6/node_modules/mariadb/lib/misc/errors.js:55:10)
    at Query.throwNewError (/Users/icomer/Documents/ICOMER/UbiGuard/UbiGuard_FMS_v5.6/node_modules/mariadb/lib/cmd/command.js:61:16)
    at Query.validateParameters (/Users/icomer/Documents/ICOMER/UbiGuard/UbiGuard_FMS_v5.6/node_modules/mariadb/lib/cmd/query.js:177:14)
    at Query.start (/Users/icomer/Documents/ICOMER/UbiGuard/UbiGuard_FMS_v5.6/node_modules/mariadb/lib/cmd/query.js:53:17)
    at _addCommandEnablePipeline (/Users/icomer/Documents/ICOMER/UbiGuard/UbiGuard_FMS_v5.6/node_modules/mariadb/lib/connection.js:1200:11)
    at /Users/icomer/Documents/ICOMER/UbiGuard/UbiGuard_FMS_v5.6/node_modules/mariadb/lib/connection.js:174:7
    at new Promise (<anonymous>)
    at Connection.query (/Users/icomer/Documents/ICOMER/UbiGuard/UbiGuard_FMS_v5.6/node_modules/mariadb/lib/connection.js:171:12)
    at Object.getGroupTree (/Users/icomer/Documents/ICOMER/UbiGuard/UbiGuard_FMS_v5.6/database/tree.js:27:38)
    at processTicksAndRejections (internal/process/task_queues.js:95:5) {
  fatal: false,
  errno: 45017,
  sqlState: 'HY000',
  code: 'ER_PARAMETER_UNDEFINED'
}
[2022/06/09 16:31:46.528] [ERROR] SqlError: Parameter at position 1 is undefined
sql: SELECT 1 AS sorting, CASE group_name WHEN '기타' THEN 1 ELSE 1 END AS group_sorting, CONCAT('G_', group_id) AS id, CONCAT('G_', IFNULL(p_group_id, 0)) AS pid, group_name AS name, current_level AS level, 'group' AS icon, 'Y' AS isAvailable, imageName, null AS...
    at Object.module.exports.createError (/Users/icomer/Documents/ICOMER/UbiGuard/UbiGuard_FMS_v5.6/node_modules/mariadb/lib/misc/errors.js:55:10)
    at Query.throwNewError (/Users/icomer/Documents/ICOMER/UbiGuard/UbiGuard_FMS_v5.6/node_modules/mariadb/lib/cmd/command.js:61:16)
    at Query.validateParameters (/Users/icomer/Documents/ICOMER/UbiGuard/UbiGuard_FMS_v5.6/node_modules/mariadb/lib/cmd/query.js:177:14)
    at Query.start (/Users/icomer/Documents/ICOMER/UbiGuard/UbiGuard_FMS_v5.6/node_modules/mariadb/lib/cmd/query.js:53:17)
    at _addCommandEnablePipeline (/Users/icomer/Documents/ICOMER/UbiGuard/UbiGuard_FMS_v5.6/node_modules/mariadb/lib/connection.js:1200:11)
    at /Users/icomer/Documents/ICOMER/UbiGuard/UbiGuard_FMS_v5.6/node_modules/mariadb/lib/connection.js:174:7
    at new Promise (<anonymous>)
    at Connection.query (/Users/icomer/Documents/ICOMER/UbiGuard/UbiGuard_FMS_v5.6/node_modules/mariadb/lib/connection.js:171:12)
    at Object.getGroupTree (/Users/icomer/Documents/ICOMER/UbiGuard/UbiGuard_FMS_v5.6/database/tree.js:27:38)
    at processTicksAndRejections (internal/process/task_queues.js:95:5) {
  fatal: false,
  errno: 45017,
  sqlState: 'HY000',
  code: 'ER_PARAMETER_UNDEFINED'
}
[2022/06/09 16:32:01.301] [ERROR] SqlError: Parameter at position 1 is undefined
sql: SELECT 1 AS sorting, CASE group_name WHEN '기타' THEN 1 ELSE 1 END AS group_sorting, CONCAT('G_', group_id) AS id, CONCAT('G_', IFNULL(p_group_id, 0)) AS pid, group_name AS name, current_level AS level, 'group' AS icon, 'Y' AS isAvailable, imageName, null AS...
    at Object.module.exports.createError (/Users/icomer/Documents/ICOMER/UbiGuard/UbiGuard_FMS_v5.6/node_modules/mariadb/lib/misc/errors.js:55:10)
    at Query.throwNewError (/Users/icomer/Documents/ICOMER/UbiGuard/UbiGuard_FMS_v5.6/node_modules/mariadb/lib/cmd/command.js:61:16)
    at Query.validateParameters (/Users/icomer/Documents/ICOMER/UbiGuard/UbiGuard_FMS_v5.6/node_modules/mariadb/lib/cmd/query.js:177:14)
    at Query.start (/Users/icomer/Documents/ICOMER/UbiGuard/UbiGuard_FMS_v5.6/node_modules/mariadb/lib/cmd/query.js:53:17)
    at _addCommandEnablePipeline (/Users/icomer/Documents/ICOMER/UbiGuard/UbiGuard_FMS_v5.6/node_modules/mariadb/lib/connection.js:1200:11)
    at /Users/icomer/Documents/ICOMER/UbiGuard/UbiGuard_FMS_v5.6/node_modules/mariadb/lib/connection.js:174:7
    at new Promise (<anonymous>)
    at Connection.query (/Users/icomer/Documents/ICOMER/UbiGuard/UbiGuard_FMS_v5.6/node_modules/mariadb/lib/connection.js:171:12)
    at Object.getGroupTree (/Users/icomer/Documents/ICOMER/UbiGuard/UbiGuard_FMS_v5.6/database/tree.js:27:38)
    at processTicksAndRejections (internal/process/task_queues.js:95:5) {
  fatal: false,
  errno: 45017,
  sqlState: 'HY000',
  code: 'ER_PARAMETER_UNDEFINED'
}
[2022/06/09 16:32:12.061] [ERROR] SqlError: Parameter at position 1 is undefined
sql: SELECT 1 AS sorting, CASE group_name WHEN '기타' THEN 1 ELSE 1 END AS group_sorting, CONCAT('G_', group_id) AS id, CONCAT('G_', IFNULL(p_group_id, 0)) AS pid, group_name AS name, current_level AS level, 'group' AS icon, 'Y' AS isAvailable, imageName, null AS...
    at Object.module.exports.createError (/Users/icomer/Documents/ICOMER/UbiGuard/UbiGuard_FMS_v5.6/node_modules/mariadb/lib/misc/errors.js:55:10)
    at Query.throwNewError (/Users/icomer/Documents/ICOMER/UbiGuard/UbiGuard_FMS_v5.6/node_modules/mariadb/lib/cmd/command.js:61:16)
    at Query.validateParameters (/Users/icomer/Documents/ICOMER/UbiGuard/UbiGuard_FMS_v5.6/node_modules/mariadb/lib/cmd/query.js:177:14)
    at Query.start (/Users/icomer/Documents/ICOMER/UbiGuard/UbiGuard_FMS_v5.6/node_modules/mariadb/lib/cmd/query.js:53:17)
    at _addCommandEnablePipeline (/Users/icomer/Documents/ICOMER/UbiGuard/UbiGuard_FMS_v5.6/node_modules/mariadb/lib/connection.js:1200:11)
    at /Users/icomer/Documents/ICOMER/UbiGuard/UbiGuard_FMS_v5.6/node_modules/mariadb/lib/connection.js:174:7
    at new Promise (<anonymous>)
    at Connection.query (/Users/icomer/Documents/ICOMER/UbiGuard/UbiGuard_FMS_v5.6/node_modules/mariadb/lib/connection.js:171:12)
    at Object.getGroupTree (/Users/icomer/Documents/ICOMER/UbiGuard/UbiGuard_FMS_v5.6/database/tree.js:27:38)
    at processTicksAndRejections (internal/process/task_queues.js:95:5) {
  fatal: false,
  errno: 45017,
  sqlState: 'HY000',
  code: 'ER_PARAMETER_UNDEFINED'
}
