[2021/12/15 18:51:34.393] [ERROR] ClientError [NotFoundError]: Not Found
    at /Users/icomer/Documents/ICOMER/UbiGuard/UbiGuard_FMS_v5.6/app.js:85:10
    at Layer.handle [as handle_request] (/Users/icomer/Documents/ICOMER/UbiGuard/UbiGuard_FMS_v5.6/node_modules/express/lib/router/layer.js:95:5)
    at trim_prefix (/Users/icomer/Documents/ICOMER/UbiGuard/UbiGuard_FMS_v5.6/node_modules/express/lib/router/index.js:317:13)
    at /Users/icomer/Documents/ICOMER/UbiGuard/UbiGuard_FMS_v5.6/node_modules/express/lib/router/index.js:284:7
    at Function.process_params (/Users/icomer/Documents/ICOMER/UbiGuard/UbiGuard_FMS_v5.6/node_modules/express/lib/router/index.js:335:12)
    at next (/Users/icomer/Documents/ICOMER/UbiGuard/UbiGuard_FMS_v5.6/node_modules/express/lib/router/index.js:275:10)
    at /Users/icomer/Documents/ICOMER/UbiGuard/UbiGuard_FMS_v5.6/node_modules/express/lib/router/index.js:635:15
    at next (/Users/icomer/Documents/ICOMER/UbiGuard/UbiGuard_FMS_v5.6/node_modules/express/lib/router/index.js:260:14)
    at Function.handle (/Users/icomer/Documents/ICOMER/UbiGuard/UbiGuard_FMS_v5.6/node_modules/express/lib/router/index.js:174:3)
    at router (/Users/icomer/Documents/ICOMER/UbiGuard/UbiGuard_FMS_v5.6/node_modules/express/lib/router/index.js:47:12)
[2021/12/15 18:58:47.555] [ERROR] ClientError [NotFoundError]: Not Found
    at /Users/icomer/Documents/ICOMER/UbiGuard/UbiGuard_FMS_v5.6/app.js:85:10
    at Layer.handle [as handle_request] (/Users/icomer/Documents/ICOMER/UbiGuard/UbiGuard_FMS_v5.6/node_modules/express/lib/router/layer.js:95:5)
    at trim_prefix (/Users/icomer/Documents/ICOMER/UbiGuard/UbiGuard_FMS_v5.6/node_modules/express/lib/router/index.js:317:13)
    at /Users/icomer/Documents/ICOMER/UbiGuard/UbiGuard_FMS_v5.6/node_modules/express/lib/router/index.js:284:7
    at Function.process_params (/Users/icomer/Documents/ICOMER/UbiGuard/UbiGuard_FMS_v5.6/node_modules/express/lib/router/index.js:335:12)
    at next (/Users/icomer/Documents/ICOMER/UbiGuard/UbiGuard_FMS_v5.6/node_modules/express/lib/router/index.js:275:10)
    at /Users/icomer/Documents/ICOMER/UbiGuard/UbiGuard_FMS_v5.6/node_modules/express/lib/router/index.js:635:15
    at next (/Users/icomer/Documents/ICOMER/UbiGuard/UbiGuard_FMS_v5.6/node_modules/express/lib/router/index.js:260:14)
    at Function.handle (/Users/icomer/Documents/ICOMER/UbiGuard/UbiGuard_FMS_v5.6/node_modules/express/lib/router/index.js:174:3)
    at router (/Users/icomer/Documents/ICOMER/UbiGuard/UbiGuard_FMS_v5.6/node_modules/express/lib/router/index.js:47:12)
[2021/12/15 18:59:20.095] [ERROR] ClientError [NotFoundError]: Not Found
    at /Users/icomer/Documents/ICOMER/UbiGuard/UbiGuard_FMS_v5.6/app.js:85:10
    at Layer.handle [as handle_request] (/Users/icomer/Documents/ICOMER/UbiGuard/UbiGuard_FMS_v5.6/node_modules/express/lib/router/layer.js:95:5)
    at trim_prefix (/Users/icomer/Documents/ICOMER/UbiGuard/UbiGuard_FMS_v5.6/node_modules/express/lib/router/index.js:317:13)
    at /Users/icomer/Documents/ICOMER/UbiGuard/UbiGuard_FMS_v5.6/node_modules/express/lib/router/index.js:284:7
    at Function.process_params (/Users/icomer/Documents/ICOMER/UbiGuard/UbiGuard_FMS_v5.6/node_modules/express/lib/router/index.js:335:12)
    at next (/Users/icomer/Documents/ICOMER/UbiGuard/UbiGuard_FMS_v5.6/node_modules/express/lib/router/index.js:275:10)
    at /Users/icomer/Documents/ICOMER/UbiGuard/UbiGuard_FMS_v5.6/node_modules/express/lib/router/index.js:635:15
    at next (/Users/icomer/Documents/ICOMER/UbiGuard/UbiGuard_FMS_v5.6/node_modules/express/lib/router/index.js:260:14)
    at Function.handle (/Users/icomer/Documents/ICOMER/UbiGuard/UbiGuard_FMS_v5.6/node_modules/express/lib/router/index.js:174:3)
    at router (/Users/icomer/Documents/ICOMER/UbiGuard/UbiGuard_FMS_v5.6/node_modules/express/lib/router/index.js:47:12)
