[2023/09/18 14:35:47.091] [ERROR] [UbiGuard FMS 5.6] Port 3000는 이미 사용 중입니다
[2023/09/18 14:35:55.721] [ERROR] Error: write EPIPE
    at afterWriteDispatched (node:internal/stream_base_commons:160:15)
    at writeGeneric (node:internal/stream_base_commons:151:3)
    at Socket._writeGeneric (node:net:930:11)
    at Socket._write (node:net:942:8)
    at writeOrBuffer (node:internal/streams/writable:392:12)
    at _write (node:internal/streams/writable:333:10)
    at Writable.write (node:internal/streams/writable:337:10)
    at Array.logRequest (/Users/icomer/Documents/ICOMER/UbiGuard/UbiGuard_FMS_v5.6/node_modules/morgan/index.js:130:14)
    at listener (/Users/icomer/Documents/ICOMER/UbiGuard/UbiGuard_FMS_v5.6/node_modules/on-finished/index.js:169:15)
    at onFinish (/Users/icomer/Documents/ICOMER/UbiGuard/UbiGuard_FMS_v5.6/node_modules/on-finished/index.js:100:5) {
  errno: -32,
  code: 'EPIPE',
  syscall: 'write'
}
[2023/09/18 14:35:55.722] [ERROR] Error: write EPIPE
    at afterWriteDispatched (node:internal/stream_base_commons:160:15)
    at writeGeneric (node:internal/stream_base_commons:151:3)
    at Socket._writeGeneric (node:net:930:11)
    at Socket._write (node:net:942:8)
    at writeOrBuffer (node:internal/streams/writable:392:12)
    at _write (node:internal/streams/writable:333:10)
    at Writable.write (node:internal/streams/writable:337:10)
    at console.value (node:internal/console/constructor:300:16)
    at console.log (node:internal/console/constructor:377:26)
    at processExitHandler (/Users/icomer/Documents/ICOMER/UbiGuard/UbiGuard_FMS_v5.6/config/processLog.config.js:4:13) {
  errno: -32,
  code: 'EPIPE',
  syscall: 'write'
}
[2023/09/18 14:35:55.723] [ERROR] Error: write EPIPE
    at afterWriteDispatched (node:internal/stream_base_commons:160:15)
    at writeGeneric (node:internal/stream_base_commons:151:3)
    at Socket._writeGeneric (node:net:930:11)
    at Socket._write (node:net:942:8)
    at writeOrBuffer (node:internal/streams/writable:392:12)
    at _write (node:internal/streams/writable:333:10)
    at Writable.write (node:internal/streams/writable:337:10)
    at console.value (node:internal/console/constructor:300:16)
    at console.log (node:internal/console/constructor:377:26)
    at processExitHandler (/Users/icomer/Documents/ICOMER/UbiGuard/UbiGuard_FMS_v5.6/config/processLog.config.js:4:13) {
  errno: -32,
  code: 'EPIPE',
  syscall: 'write'
}
[2023/09/18 14:35:55.723] [ERROR] Error: write EPIPE
    at afterWriteDispatched (node:internal/stream_base_commons:160:15)
    at writeGeneric (node:internal/stream_base_commons:151:3)
    at Socket._writeGeneric (node:net:930:11)
    at Socket._write (node:net:942:8)
    at writeOrBuffer (node:internal/streams/writable:392:12)
    at _write (node:internal/streams/writable:333:10)
    at Writable.write (node:internal/streams/writable:337:10)
    at console.value (node:internal/console/constructor:300:16)
    at console.log (node:internal/console/constructor:377:26)
    at processExitHandler (/Users/icomer/Documents/ICOMER/UbiGuard/UbiGuard_FMS_v5.6/config/processLog.config.js:4:13) {
  errno: -32,
  code: 'EPIPE',
  syscall: 'write'
}
[2023/09/18 14:35:55.723] [ERROR] Error: write EPIPE
    at afterWriteDispatched (node:internal/stream_base_commons:160:15)
    at writeGeneric (node:internal/stream_base_commons:151:3)
    at Socket._writeGeneric (node:net:930:11)
    at Socket._write (node:net:942:8)
    at writeOrBuffer (node:internal/streams/writable:392:12)
    at _write (node:internal/streams/writable:333:10)
    at Writable.write (node:internal/streams/writable:337:10)
    at console.value (node:internal/console/constructor:300:16)
    at console.log (node:internal/console/constructor:377:26)
    at processExitHandler (/Users/icomer/Documents/ICOMER/UbiGuard/UbiGuard_FMS_v5.6/config/processLog.config.js:4:13) {
  errno: -32,
  code: 'EPIPE',
  syscall: 'write'
}
[2023/09/18 14:35:55.724] [ERROR] Error: write EPIPE
    at afterWriteDispatched (node:internal/stream_base_commons:160:15)
    at writeGeneric (node:internal/stream_base_commons:151:3)
    at Socket._writeGeneric (node:net:930:11)
    at Socket._write (node:net:942:8)
    at writeOrBuffer (node:internal/streams/writable:392:12)
    at _write (node:internal/streams/writable:333:10)
    at Writable.write (node:internal/streams/writable:337:10)
    at console.value (node:internal/console/constructor:300:16)
    at console.log (node:internal/console/constructor:377:26)
    at processExitHandler (/Users/icomer/Documents/ICOMER/UbiGuard/UbiGuard_FMS_v5.6/config/processLog.config.js:4:13) {
  errno: -32,
  code: 'EPIPE',
  syscall: 'write'
}
[2023/09/18 14:35:55.724] [ERROR] Error: write EPIPE
    at afterWriteDispatched (node:internal/stream_base_commons:160:15)
    at writeGeneric (node:internal/stream_base_commons:151:3)
    at Socket._writeGeneric (node:net:930:11)
    at Socket._write (node:net:942:8)
    at writeOrBuffer (node:internal/streams/writable:392:12)
    at _write (node:internal/streams/writable:333:10)
    at Writable.write (node:internal/streams/writable:337:10)
    at console.value (node:internal/console/constructor:300:16)
    at console.log (node:internal/console/constructor:377:26)
    at processExitHandler (/Users/icomer/Documents/ICOMER/UbiGuard/UbiGuard_FMS_v5.6/config/processLog.config.js:4:13) {
  errno: -32,
  code: 'EPIPE',
  syscall: 'write'
}
[2023/09/18 14:35:55.725] [ERROR] Error: write EPIPE
    at afterWriteDispatched (node:internal/stream_base_commons:160:15)
    at writeGeneric (node:internal/stream_base_commons:151:3)
    at Socket._writeGeneric (node:net:930:11)
    at Socket._write (node:net:942:8)
    at writeOrBuffer (node:internal/streams/writable:392:12)
    at _write (node:internal/streams/writable:333:10)
    at Writable.write (node:internal/streams/writable:337:10)
    at console.value (node:internal/console/constructor:300:16)
    at console.log (node:internal/console/constructor:377:26)
    at processExitHandler (/Users/icomer/Documents/ICOMER/UbiGuard/UbiGuard_FMS_v5.6/config/processLog.config.js:4:13) {
  errno: -32,
  code: 'EPIPE',
  syscall: 'write'
}
[2023/09/18 14:35:55.725] [ERROR] Error: write EPIPE
    at afterWriteDispatched (node:internal/stream_base_commons:160:15)
    at writeGeneric (node:internal/stream_base_commons:151:3)
    at Socket._writeGeneric (node:net:930:11)
    at Socket._write (node:net:942:8)
    at writeOrBuffer (node:internal/streams/writable:392:12)
    at _write (node:internal/streams/writable:333:10)
    at Writable.write (node:internal/streams/writable:337:10)
    at console.value (node:internal/console/constructor:300:16)
    at console.log (node:internal/console/constructor:377:26)
    at processExitHandler (/Users/icomer/Documents/ICOMER/UbiGuard/UbiGuard_FMS_v5.6/config/processLog.config.js:4:13) {
  errno: -32,
  code: 'EPIPE',
  syscall: 'write'
}
[2023/09/18 14:35:55.726] [ERROR] Error: write EPIPE
    at afterWriteDispatched (node:internal/stream_base_commons:160:15)
    at writeGeneric (node:internal/stream_base_commons:151:3)
    at Socket._writeGeneric (node:net:930:11)
    at Socket._write (node:net:942:8)
    at writeOrBuffer (node:internal/streams/writable:392:12)
    at _write (node:internal/streams/writable:333:10)
    at Writable.write (node:internal/streams/writable:337:10)
    at console.value (node:internal/console/constructor:300:16)
    at console.log (node:internal/console/constructor:377:26)
    at processExitHandler (/Users/icomer/Documents/ICOMER/UbiGuard/UbiGuard_FMS_v5.6/config/processLog.config.js:4:13) {
  errno: -32,
  code: 'EPIPE',
  syscall: 'write'
}
[2023/09/18 14:35:55.726] [ERROR] Error: write EPIPE
    at afterWriteDispatched (node:internal/stream_base_commons:160:15)
    at writeGeneric (node:internal/stream_base_commons:151:3)
    at Socket._writeGeneric (node:net:930:11)
    at Socket._write (node:net:942:8)
    at writeOrBuffer (node:internal/streams/writable:392:12)
    at _write (node:internal/streams/writable:333:10)
    at Writable.write (node:internal/streams/writable:337:10)
    at console.value (node:internal/console/constructor:300:16)
    at console.log (node:internal/console/constructor:377:26)
    at processExitHandler (/Users/icomer/Documents/ICOMER/UbiGuard/UbiGuard_FMS_v5.6/config/processLog.config.js:4:13) {
  errno: -32,
  code: 'EPIPE',
  syscall: 'write'
}
[2023/09/18 14:35:55.727] [ERROR] Error: write EPIPE
    at afterWriteDispatched (node:internal/stream_base_commons:160:15)
    at writeGeneric (node:internal/stream_base_commons:151:3)
    at Socket._writeGeneric (node:net:930:11)
    at Socket._write (node:net:942:8)
    at writeOrBuffer (node:internal/streams/writable:392:12)
    at _write (node:internal/streams/writable:333:10)
    at Writable.write (node:internal/streams/writable:337:10)
    at console.value (node:internal/console/constructor:300:16)
    at console.log (node:internal/console/constructor:377:26)
    at processExitHandler (/Users/icomer/Documents/ICOMER/UbiGuard/UbiGuard_FMS_v5.6/config/processLog.config.js:4:13) {
  errno: -32,
  code: 'EPIPE',
  syscall: 'write'
}
[2023/09/18 14:35:55.727] [ERROR] Error: write EPIPE
    at afterWriteDispatched (node:internal/stream_base_commons:160:15)
    at writeGeneric (node:internal/stream_base_commons:151:3)
    at Socket._writeGeneric (node:net:930:11)
    at Socket._write (node:net:942:8)
    at writeOrBuffer (node:internal/streams/writable:392:12)
    at _write (node:internal/streams/writable:333:10)
    at Writable.write (node:internal/streams/writable:337:10)
    at console.value (node:internal/console/constructor:300:16)
    at console.log (node:internal/console/constructor:377:26)
    at processExitHandler (/Users/icomer/Documents/ICOMER/UbiGuard/UbiGuard_FMS_v5.6/config/processLog.config.js:4:13) {
  errno: -32,
  code: 'EPIPE',
  syscall: 'write'
}
[2023/09/18 14:35:55.727] [ERROR] Error: write EPIPE
    at afterWriteDispatched (node:internal/stream_base_commons:160:15)
    at writeGeneric (node:internal/stream_base_commons:151:3)
    at Socket._writeGeneric (node:net:930:11)
    at Socket._write (node:net:942:8)
    at writeOrBuffer (node:internal/streams/writable:392:12)
    at _write (node:internal/streams/writable:333:10)
    at Writable.write (node:internal/streams/writable:337:10)
    at console.value (node:internal/console/constructor:300:16)
    at console.log (node:internal/console/constructor:377:26)
    at processExitHandler (/Users/icomer/Documents/ICOMER/UbiGuard/UbiGuard_FMS_v5.6/config/processLog.config.js:4:13) {
  errno: -32,
  code: 'EPIPE',
  syscall: 'write'
}
[2023/09/18 14:35:55.728] [ERROR] Error: write EPIPE
    at afterWriteDispatched (node:internal/stream_base_commons:160:15)
    at writeGeneric (node:internal/stream_base_commons:151:3)
    at Socket._writeGeneric (node:net:930:11)
    at Socket._write (node:net:942:8)
    at writeOrBuffer (node:internal/streams/writable:392:12)
    at _write (node:internal/streams/writable:333:10)
    at Writable.write (node:internal/streams/writable:337:10)
    at console.value (node:internal/console/constructor:300:16)
    at console.log (node:internal/console/constructor:377:26)
    at processExitHandler (/Users/icomer/Documents/ICOMER/UbiGuard/UbiGuard_FMS_v5.6/config/processLog.config.js:4:13) {
  errno: -32,
  code: 'EPIPE',
  syscall: 'write'
}
[2023/09/18 14:35:55.728] [ERROR] Error: write EPIPE
    at afterWriteDispatched (node:internal/stream_base_commons:160:15)
    at writeGeneric (node:internal/stream_base_commons:151:3)
    at Socket._writeGeneric (node:net:930:11)
    at Socket._write (node:net:942:8)
    at writeOrBuffer (node:internal/streams/writable:392:12)
    at _write (node:internal/streams/writable:333:10)
    at Writable.write (node:internal/streams/writable:337:10)
    at console.value (node:internal/console/constructor:300:16)
    at console.log (node:internal/console/constructor:377:26)
    at processExitHandler (/Users/icomer/Documents/ICOMER/UbiGuard/UbiGuard_FMS_v5.6/config/processLog.config.js:4:13) {
  errno: -32,
  code: 'EPIPE',
  syscall: 'write'
}
[2023/09/18 14:35:55.728] [ERROR] Error: write EPIPE
    at afterWriteDispatched (node:internal/stream_base_commons:160:15)
    at writeGeneric (node:internal/stream_base_commons:151:3)
    at Socket._writeGeneric (node:net:930:11)
    at Socket._write (node:net:942:8)
    at writeOrBuffer (node:internal/streams/writable:392:12)
    at _write (node:internal/streams/writable:333:10)
    at Writable.write (node:internal/streams/writable:337:10)
    at console.value (node:internal/console/constructor:300:16)
    at console.log (node:internal/console/constructor:377:26)
    at processExitHandler (/Users/icomer/Documents/ICOMER/UbiGuard/UbiGuard_FMS_v5.6/config/processLog.config.js:4:13) {
  errno: -32,
  code: 'EPIPE',
  syscall: 'write'
}
