[2023/11/06 14:03:05.683] [ERROR] Error: write EPIPE
    at afterWriteDispatched (node:internal/stream_base_commons:160:15)
    at writeGeneric (node:internal/stream_base_commons:151:3)
    at Socket._writeGeneric (node:net:930:11)
    at Socket._write (node:net:942:8)
    at writeOrBuffer (node:internal/streams/writable:392:12)
    at _write (node:internal/streams/writable:333:10)
    at Writable.write (node:internal/streams/writable:337:10)
    at console.value (node:internal/console/constructor:300:16)
    at console.log (node:internal/console/constructor:377:26)
    at Object.ubiGuardWebSocketOpen (/Users/icomer/Documents/ICOMER/UbiGuard/UbiGuard_FMS_v5.6/config/ws.js:16:13) {
  errno: -32,
  code: 'EPIPE',
  syscall: 'write'
}
[2023/11/06 14:03:05.685] [ERROR] Error: write EPIPE
    at afterWriteDispatched (node:internal/stream_base_commons:160:15)
    at writeGeneric (node:internal/stream_base_commons:151:3)
    at Socket._writeGeneric (node:net:930:11)
    at Socket._write (node:net:942:8)
    at writeOrBuffer (node:internal/streams/writable:392:12)
    at _write (node:internal/streams/writable:333:10)
    at Writable.write (node:internal/streams/writable:337:10)
    at console.value (node:internal/console/constructor:300:16)
    at console.log (node:internal/console/constructor:377:26)
    at Server.onListening (/Users/icomer/Documents/ICOMER/UbiGuard/UbiGuard_FMS_v5.6/bin/www:101:13) {
  errno: -32,
  code: 'EPIPE',
  syscall: 'write'
}
[2023/11/06 14:03:05.686] [ERROR] Error: write EPIPE
    at afterWriteDispatched (node:internal/stream_base_commons:160:15)
    at writeGeneric (node:internal/stream_base_commons:151:3)
    at Socket._writeGeneric (node:net:930:11)
    at Socket._write (node:net:942:8)
    at writeOrBuffer (node:internal/streams/writable:392:12)
    at _write (node:internal/streams/writable:333:10)
    at Writable.write (node:internal/streams/writable:337:10)
    at console.value (node:internal/console/constructor:300:16)
    at console.log (node:internal/console/constructor:377:26)
    at processExitHandler (/Users/icomer/Documents/ICOMER/UbiGuard/UbiGuard_FMS_v5.6/config/processLog.config.js:4:13) {
  errno: -32,
  code: 'EPIPE',
  syscall: 'write'
}
[2023/11/06 14:03:05.687] [ERROR] Error: write EPIPE
    at afterWriteDispatched (node:internal/stream_base_commons:160:15)
    at writeGeneric (node:internal/stream_base_commons:151:3)
    at Socket._writeGeneric (node:net:930:11)
    at Socket._write (node:net:942:8)
    at writeOrBuffer (node:internal/streams/writable:392:12)
    at _write (node:internal/streams/writable:333:10)
    at Writable.write (node:internal/streams/writable:337:10)
    at console.value (node:internal/console/constructor:300:16)
    at console.log (node:internal/console/constructor:377:26)
    at processExitHandler (/Users/icomer/Documents/ICOMER/UbiGuard/UbiGuard_FMS_v5.6/config/processLog.config.js:4:13) {
  errno: -32,
  code: 'EPIPE',
  syscall: 'write'
}
[2023/11/06 14:03:05.688] [ERROR] Error: write EPIPE
    at afterWriteDispatched (node:internal/stream_base_commons:160:15)
    at writeGeneric (node:internal/stream_base_commons:151:3)
    at Socket._writeGeneric (node:net:930:11)
    at Socket._write (node:net:942:8)
    at writeOrBuffer (node:internal/streams/writable:392:12)
    at _write (node:internal/streams/writable:333:10)
    at Writable.write (node:internal/streams/writable:337:10)
    at console.value (node:internal/console/constructor:300:16)
    at console.log (node:internal/console/constructor:377:26)
    at processExitHandler (/Users/icomer/Documents/ICOMER/UbiGuard/UbiGuard_FMS_v5.6/config/processLog.config.js:4:13) {
  errno: -32,
  code: 'EPIPE',
  syscall: 'write'
}
[2023/11/06 14:03:05.689] [ERROR] Error: write EPIPE
    at afterWriteDispatched (node:internal/stream_base_commons:160:15)
    at writeGeneric (node:internal/stream_base_commons:151:3)
    at Socket._writeGeneric (node:net:930:11)
    at Socket._write (node:net:942:8)
    at writeOrBuffer (node:internal/streams/writable:392:12)
    at _write (node:internal/streams/writable:333:10)
    at Writable.write (node:internal/streams/writable:337:10)
    at console.value (node:internal/console/constructor:300:16)
    at console.log (node:internal/console/constructor:377:26)
    at processExitHandler (/Users/icomer/Documents/ICOMER/UbiGuard/UbiGuard_FMS_v5.6/config/processLog.config.js:4:13) {
  errno: -32,
  code: 'EPIPE',
  syscall: 'write'
}
[2023/11/06 14:03:05.690] [ERROR] Error: write EPIPE
    at afterWriteDispatched (node:internal/stream_base_commons:160:15)
    at writeGeneric (node:internal/stream_base_commons:151:3)
    at Socket._writeGeneric (node:net:930:11)
    at Socket._write (node:net:942:8)
    at writeOrBuffer (node:internal/streams/writable:392:12)
    at _write (node:internal/streams/writable:333:10)
    at Writable.write (node:internal/streams/writable:337:10)
    at console.value (node:internal/console/constructor:300:16)
    at console.log (node:internal/console/constructor:377:26)
    at processExitHandler (/Users/icomer/Documents/ICOMER/UbiGuard/UbiGuard_FMS_v5.6/config/processLog.config.js:4:13) {
  errno: -32,
  code: 'EPIPE',
  syscall: 'write'
}
[2023/11/06 14:03:05.691] [ERROR] Error: write EPIPE
    at afterWriteDispatched (node:internal/stream_base_commons:160:15)
    at writeGeneric (node:internal/stream_base_commons:151:3)
    at Socket._writeGeneric (node:net:930:11)
    at Socket._write (node:net:942:8)
    at writeOrBuffer (node:internal/streams/writable:392:12)
    at _write (node:internal/streams/writable:333:10)
    at Writable.write (node:internal/streams/writable:337:10)
    at console.value (node:internal/console/constructor:300:16)
    at console.log (node:internal/console/constructor:377:26)
    at processExitHandler (/Users/icomer/Documents/ICOMER/UbiGuard/UbiGuard_FMS_v5.6/config/processLog.config.js:4:13) {
  errno: -32,
  code: 'EPIPE',
  syscall: 'write'
}
[2023/11/06 14:03:05.691] [ERROR] Error: write EPIPE
    at afterWriteDispatched (node:internal/stream_base_commons:160:15)
    at writeGeneric (node:internal/stream_base_commons:151:3)
    at Socket._writeGeneric (node:net:930:11)
    at Socket._write (node:net:942:8)
    at writeOrBuffer (node:internal/streams/writable:392:12)
    at _write (node:internal/streams/writable:333:10)
    at Writable.write (node:internal/streams/writable:337:10)
    at console.value (node:internal/console/constructor:300:16)
    at console.log (node:internal/console/constructor:377:26)
    at processExitHandler (/Users/icomer/Documents/ICOMER/UbiGuard/UbiGuard_FMS_v5.6/config/processLog.config.js:4:13) {
  errno: -32,
  code: 'EPIPE',
  syscall: 'write'
}
[2023/11/06 14:03:05.692] [ERROR] Error: write EPIPE
    at afterWriteDispatched (node:internal/stream_base_commons:160:15)
    at writeGeneric (node:internal/stream_base_commons:151:3)
    at Socket._writeGeneric (node:net:930:11)
    at Socket._write (node:net:942:8)
    at writeOrBuffer (node:internal/streams/writable:392:12)
    at _write (node:internal/streams/writable:333:10)
    at Writable.write (node:internal/streams/writable:337:10)
    at console.value (node:internal/console/constructor:300:16)
    at console.log (node:internal/console/constructor:377:26)
    at processExitHandler (/Users/icomer/Documents/ICOMER/UbiGuard/UbiGuard_FMS_v5.6/config/processLog.config.js:4:13) {
  errno: -32,
  code: 'EPIPE',
  syscall: 'write'
}
[2023/11/06 14:03:05.693] [ERROR] Error: write EPIPE
    at afterWriteDispatched (node:internal/stream_base_commons:160:15)
    at writeGeneric (node:internal/stream_base_commons:151:3)
    at Socket._writeGeneric (node:net:930:11)
    at Socket._write (node:net:942:8)
    at writeOrBuffer (node:internal/streams/writable:392:12)
    at _write (node:internal/streams/writable:333:10)
    at Writable.write (node:internal/streams/writable:337:10)
    at console.value (node:internal/console/constructor:300:16)
    at console.log (node:internal/console/constructor:377:26)
    at processExitHandler (/Users/icomer/Documents/ICOMER/UbiGuard/UbiGuard_FMS_v5.6/config/processLog.config.js:4:13) {
  errno: -32,
  code: 'EPIPE',
  syscall: 'write'
}
[2023/11/06 14:03:05.694] [ERROR] Error: write EPIPE
    at afterWriteDispatched (node:internal/stream_base_commons:160:15)
    at writeGeneric (node:internal/stream_base_commons:151:3)
    at Socket._writeGeneric (node:net:930:11)
    at Socket._write (node:net:942:8)
    at writeOrBuffer (node:internal/streams/writable:392:12)
    at _write (node:internal/streams/writable:333:10)
    at Writable.write (node:internal/streams/writable:337:10)
    at console.value (node:internal/console/constructor:300:16)
    at console.log (node:internal/console/constructor:377:26)
    at processExitHandler (/Users/icomer/Documents/ICOMER/UbiGuard/UbiGuard_FMS_v5.6/config/processLog.config.js:4:13) {
  errno: -32,
  code: 'EPIPE',
  syscall: 'write'
}
[2023/11/06 14:03:05.694] [ERROR] Error: write EPIPE
    at afterWriteDispatched (node:internal/stream_base_commons:160:15)
    at writeGeneric (node:internal/stream_base_commons:151:3)
    at Socket._writeGeneric (node:net:930:11)
    at Socket._write (node:net:942:8)
    at writeOrBuffer (node:internal/streams/writable:392:12)
    at _write (node:internal/streams/writable:333:10)
    at Writable.write (node:internal/streams/writable:337:10)
    at console.value (node:internal/console/constructor:300:16)
    at console.log (node:internal/console/constructor:377:26)
    at processExitHandler (/Users/icomer/Documents/ICOMER/UbiGuard/UbiGuard_FMS_v5.6/config/processLog.config.js:4:13) {
  errno: -32,
  code: 'EPIPE',
  syscall: 'write'
}
[2023/11/06 14:03:05.695] [ERROR] Error: write EPIPE
    at afterWriteDispatched (node:internal/stream_base_commons:160:15)
    at writeGeneric (node:internal/stream_base_commons:151:3)
    at Socket._writeGeneric (node:net:930:11)
    at Socket._write (node:net:942:8)
    at writeOrBuffer (node:internal/streams/writable:392:12)
    at _write (node:internal/streams/writable:333:10)
    at Writable.write (node:internal/streams/writable:337:10)
    at console.value (node:internal/console/constructor:300:16)
    at console.log (node:internal/console/constructor:377:26)
    at processExitHandler (/Users/icomer/Documents/ICOMER/UbiGuard/UbiGuard_FMS_v5.6/config/processLog.config.js:4:13) {
  errno: -32,
  code: 'EPIPE',
  syscall: 'write'
}
[2023/11/06 14:03:18.377] [ERROR] [UbiGuard FMS 5.6] Port 3000는 이미 사용 중입니다
[2023/11/06 14:03:41.566] [ERROR] [UbiGuard FMS 5.6] Port 3000는 이미 사용 중입니다
[2023/11/06 17:47:35.671] [ERROR] ReferenceError: user_id is not defined
    at /Users/icomer/Documents/ICOMER/UbiGuard/UbiGuard_FMS_v5.6/routes/api/userSetting.js:170:47
    at process.processTicksAndRejections (node:internal/process/task_queues:95:5)
[2023/11/06 17:49:47.995] [ERROR] ReferenceError: user_id is not defined
    at /Users/icomer/Documents/ICOMER/UbiGuard/UbiGuard_FMS_v5.6/routes/api/userSetting.js:170:54
    at process.processTicksAndRejections (node:internal/process/task_queues:95:5)
[2023/11/06 17:51:35.640] [ERROR] ReferenceError: user_id is not defined
    at /Users/icomer/Documents/ICOMER/UbiGuard/UbiGuard_FMS_v5.6/routes/api/userSetting.js:167:54
    at process.processTicksAndRejections (node:internal/process/task_queues:95:5)
[2023/11/06 17:53:15.036] [ERROR] ReferenceError: user_id is not defined
    at /Users/icomer/Documents/ICOMER/UbiGuard/UbiGuard_FMS_v5.6/routes/api/userSetting.js:167:54
    at process.processTicksAndRejections (node:internal/process/task_queues:95:5)
[2023/11/06 17:54:33.160] [ERROR] TypeError: Cannot read properties of undefined (reading 'user_id')
    at Object.deleteUser (/Users/icomer/Documents/ICOMER/UbiGuard/UbiGuard_FMS_v5.6/database/lg_work_history2.js:667:30)
    at /Users/icomer/Documents/ICOMER/UbiGuard/UbiGuard_FMS_v5.6/routes/api/userSetting.js:168:35
    at process.processTicksAndRejections (node:internal/process/task_queues:95:5)
[2023/11/06 17:56:24.240] [ERROR] TypeError: Cannot read properties of undefined (reading 'user_id')
    at Object.deleteUser (/Users/icomer/Documents/ICOMER/UbiGuard/UbiGuard_FMS_v5.6/database/lg_work_history2.js:667:30)
    at /Users/icomer/Documents/ICOMER/UbiGuard/UbiGuard_FMS_v5.6/routes/api/userSetting.js:168:35
    at process.processTicksAndRejections (node:internal/process/task_queues:95:5)
