[2022/05/13 13:51:01.708] [INFO]  [UbiGuard FMS 5.6] WebSocket Start
[2022/05/13 14:08:01.745] [INFO]  [UbiGuard FMS 5.6] WebSocket Start
[2022/05/13 15:06:59.421] [INFO]  [UbiGuard FMS 5.6] WebSocket Start
[2022/05/13 15:08:46.478] [INFO]  [UbiGuard FMS 5.6] RangeError (으)로 node process(18128) 종료
[2022/05/13 15:12:08.096] [INFO]  [UbiGuard FMS 5.6] WebSocket Start
[2022/05/13 15:13:05.818] [INFO]  [UbiGuard FMS 5.6] WebSocket Start
[2022/05/13 15:13:30.116] [INFO]  [UbiGuard FMS 5.6] RangeError (으)로 node process(18218) 종료
[2022/05/13 15:13:55.368] [INFO]  [UbiGuard FMS 5.6] WebSocket Start
[2022/05/13 15:14:32.106] [INFO]  [UbiGuard FMS 5.6] RangeError (으)로 node process(18238) 종료
[2022/05/13 15:15:02.693] [INFO]  [UbiGuard FMS 5.6] WebSocket Start
[2022/05/13 15:15:29.078] [INFO]  [UbiGuard FMS 5.6] RangeError (으)로 node process(18270) 종료
[2022/05/13 15:18:14.137] [INFO]  [UbiGuard FMS 5.6] WebSocket Start
[2022/05/13 15:18:49.462] [INFO]  [UbiGuard FMS 5.6] WebSocket Start
[2022/05/13 15:48:59.766] [INFO]  [UbiGuard FMS 5.6] SyntaxError (으)로 node process(18433) 종료
[2022/05/13 15:49:21.373] [INFO]  [UbiGuard FMS 5.6] WebSocket Start
[2022/05/13 15:53:30.121] [INFO]  [UbiGuard FMS 5.6] WebSocket Start
[2022/05/13 15:57:48.553] [INFO]  [UbiGuard FMS 5.6] WebSocket Start
[2022/05/13 16:00:00.652] [INFO]  [UbiGuard FMS 5.6] WebSocket Start
[2022/05/13 16:00:58.231] [INFO]  [UbiGuard FMS 5.6] WebSocket Start
[2022/05/13 16:02:34.133] [INFO]  [UbiGuard FMS 5.6] WebSocket Start
[2022/05/13 16:02:58.634] [INFO]  [UbiGuard FMS 5.6] TypeError (으)로 node process(18827) 종료
[2022/05/13 16:03:59.746] [INFO]  [UbiGuard FMS 5.6] WebSocket Start
[2022/05/13 16:05:54.292] [INFO]  [UbiGuard FMS 5.6] WebSocket Start
[2022/05/13 16:07:57.760] [INFO]  [UbiGuard FMS 5.6] WebSocket Start
[2022/05/13 16:09:47.921] [INFO]  [UbiGuard FMS 5.6] WebSocket Start
[2022/05/13 16:29:35.276] [INFO]  [UbiGuard FMS 5.6] WebSocket Start
[2022/05/13 16:33:55.146] [INFO]  [UbiGuard FMS 5.6] WebSocket Start
[2022/05/13 16:34:11.850] [INFO]  [UbiGuard FMS 5.6] TypeError (으)로 node process(19141) 종료
[2022/05/13 16:35:29.497] [INFO]  [UbiGuard FMS 5.6] WebSocket Start
[2022/05/13 16:35:41.186] [INFO]  [UbiGuard FMS 5.6] TypeError (으)로 node process(19174) 종료
[2022/05/13 16:37:09.879] [INFO]  [UbiGuard FMS 5.6] WebSocket Start
[2022/05/13 16:37:28.825] [INFO]  [UbiGuard FMS 5.6] Error (으)로 node process(19228) 종료
[2022/05/13 16:38:15.032] [INFO]  [UbiGuard FMS 5.6] WebSocket Start
[2022/05/13 16:38:35.296] [INFO]  [UbiGuard FMS 5.6] Error (으)로 node process(19272) 종료
[2022/05/13 16:41:09.880] [INFO]  [UbiGuard FMS 5.6] WebSocket Start
[2022/05/13 16:43:50.838] [INFO]  [UbiGuard FMS 5.6] WebSocket Start
[2022/05/13 16:44:10.808] [INFO]  [UbiGuard FMS 5.6] TypeError (으)로 node process(19369) 종료
[2022/05/13 16:44:48.308] [INFO]  [UbiGuard FMS 5.6] WebSocket Start
[2022/05/13 16:46:37.050] [INFO]  [UbiGuard FMS 5.6] WebSocket Start
[2022/05/13 16:49:11.811] [INFO]  [UbiGuard FMS 5.6] WebSocket Start
[2022/05/13 16:52:05.195] [INFO]  [UbiGuard FMS 5.6] WebSocket Start
[2022/05/13 16:52:20.218] [INFO]  [UbiGuard FMS 5.6] RangeError (으)로 node process(19580) 종료
[2022/05/13 16:52:54.946] [INFO]  [UbiGuard FMS 5.6] WebSocket Start
[2022/05/13 16:53:09.066] [INFO]  [UbiGuard FMS 5.6] RangeError (으)로 node process(19603) 종료
[2022/05/13 16:54:59.928] [INFO]  [UbiGuard FMS 5.6] WebSocket Start
[2022/05/13 16:55:12.071] [INFO]  [UbiGuard FMS 5.6] RangeError (으)로 node process(19630) 종료
[2022/05/13 16:55:55.561] [INFO]  [UbiGuard FMS 5.6] WebSocket Start
[2022/05/13 16:56:50.479] [INFO]  [UbiGuard FMS 5.6] WebSocket Start
[2022/05/13 16:58:47.209] [INFO]  [UbiGuard FMS 5.6] WebSocket Start
[2022/05/13 17:09:10.382] [INFO]  [UbiGuard FMS 5.6] WebSocket Start
[2022/05/13 17:10:03.960] [INFO]  [UbiGuard FMS 5.6] WebSocket Start
[2022/05/13 17:10:36.226] [INFO]  [UbiGuard FMS 5.6] WebSocket Start
