[2023/10/05 15:45:33.663] [ERROR] Error: write EPIPE
    at afterWriteDispatched (node:internal/stream_base_commons:160:15)
    at writeGeneric (node:internal/stream_base_commons:151:3)
    at Socket._writeGeneric (node:net:930:11)
    at Socket._write (node:net:942:8)
    at writeOrBuffer (node:internal/streams/writable:392:12)
    at _write (node:internal/streams/writable:333:10)
    at Writable.write (node:internal/streams/writable:337:10)
    at console.value (node:internal/console/constructor:300:16)
    at console.log (node:internal/console/constructor:377:26)
    at Object.ubiGuardWebSocketOpen (/Users/icomer/Documents/ICOMER/UbiGuard/UbiGuard_FMS_v5.6/config/ws.js:16:13) {
  errno: -32,
  code: 'EPIPE',
  syscall: 'write'
}
[2023/10/05 15:45:33.665] [ERROR] Error: write EPIPE
    at afterWriteDispatched (node:internal/stream_base_commons:160:15)
    at writeGeneric (node:internal/stream_base_commons:151:3)
    at Socket._writeGeneric (node:net:930:11)
    at Socket._write (node:net:942:8)
    at writeOrBuffer (node:internal/streams/writable:392:12)
    at _write (node:internal/streams/writable:333:10)
    at Writable.write (node:internal/streams/writable:337:10)
    at console.value (node:internal/console/constructor:300:16)
    at console.log (node:internal/console/constructor:377:26)
    at Server.onListening (/Users/icomer/Documents/ICOMER/UbiGuard/UbiGuard_FMS_v5.6/bin/www:101:13) {
  errno: -32,
  code: 'EPIPE',
  syscall: 'write'
}
[2023/10/05 15:45:33.667] [ERROR] Error: write EPIPE
    at afterWriteDispatched (node:internal/stream_base_commons:160:15)
    at writeGeneric (node:internal/stream_base_commons:151:3)
    at Socket._writeGeneric (node:net:930:11)
    at Socket._write (node:net:942:8)
    at writeOrBuffer (node:internal/streams/writable:392:12)
    at _write (node:internal/streams/writable:333:10)
    at Writable.write (node:internal/streams/writable:337:10)
    at console.value (node:internal/console/constructor:300:16)
    at console.log (node:internal/console/constructor:377:26)
    at processExitHandler (/Users/icomer/Documents/ICOMER/UbiGuard/UbiGuard_FMS_v5.6/config/processLog.config.js:4:13) {
  errno: -32,
  code: 'EPIPE',
  syscall: 'write'
}
[2023/10/05 15:45:33.668] [ERROR] Error: write EPIPE
    at afterWriteDispatched (node:internal/stream_base_commons:160:15)
    at writeGeneric (node:internal/stream_base_commons:151:3)
    at Socket._writeGeneric (node:net:930:11)
    at Socket._write (node:net:942:8)
    at writeOrBuffer (node:internal/streams/writable:392:12)
    at _write (node:internal/streams/writable:333:10)
    at Writable.write (node:internal/streams/writable:337:10)
    at console.value (node:internal/console/constructor:300:16)
    at console.log (node:internal/console/constructor:377:26)
    at processExitHandler (/Users/icomer/Documents/ICOMER/UbiGuard/UbiGuard_FMS_v5.6/config/processLog.config.js:4:13) {
  errno: -32,
  code: 'EPIPE',
  syscall: 'write'
}
[2023/10/05 15:45:33.669] [ERROR] Error: write EPIPE
    at afterWriteDispatched (node:internal/stream_base_commons:160:15)
    at writeGeneric (node:internal/stream_base_commons:151:3)
    at Socket._writeGeneric (node:net:930:11)
    at Socket._write (node:net:942:8)
    at writeOrBuffer (node:internal/streams/writable:392:12)
    at _write (node:internal/streams/writable:333:10)
    at Writable.write (node:internal/streams/writable:337:10)
    at console.value (node:internal/console/constructor:300:16)
    at console.log (node:internal/console/constructor:377:26)
    at processExitHandler (/Users/icomer/Documents/ICOMER/UbiGuard/UbiGuard_FMS_v5.6/config/processLog.config.js:4:13) {
  errno: -32,
  code: 'EPIPE',
  syscall: 'write'
}
[2023/10/05 15:45:33.669] [ERROR] Error: write EPIPE
    at afterWriteDispatched (node:internal/stream_base_commons:160:15)
    at writeGeneric (node:internal/stream_base_commons:151:3)
    at Socket._writeGeneric (node:net:930:11)
    at Socket._write (node:net:942:8)
    at writeOrBuffer (node:internal/streams/writable:392:12)
    at _write (node:internal/streams/writable:333:10)
    at Writable.write (node:internal/streams/writable:337:10)
    at console.value (node:internal/console/constructor:300:16)
    at console.log (node:internal/console/constructor:377:26)
    at processExitHandler (/Users/icomer/Documents/ICOMER/UbiGuard/UbiGuard_FMS_v5.6/config/processLog.config.js:4:13) {
  errno: -32,
  code: 'EPIPE',
  syscall: 'write'
}
[2023/10/05 15:45:33.670] [ERROR] Error: write EPIPE
    at afterWriteDispatched (node:internal/stream_base_commons:160:15)
    at writeGeneric (node:internal/stream_base_commons:151:3)
    at Socket._writeGeneric (node:net:930:11)
    at Socket._write (node:net:942:8)
    at writeOrBuffer (node:internal/streams/writable:392:12)
    at _write (node:internal/streams/writable:333:10)
    at Writable.write (node:internal/streams/writable:337:10)
    at console.value (node:internal/console/constructor:300:16)
    at console.log (node:internal/console/constructor:377:26)
    at processExitHandler (/Users/icomer/Documents/ICOMER/UbiGuard/UbiGuard_FMS_v5.6/config/processLog.config.js:4:13) {
  errno: -32,
  code: 'EPIPE',
  syscall: 'write'
}
[2023/10/05 15:45:33.671] [ERROR] Error: write EPIPE
    at afterWriteDispatched (node:internal/stream_base_commons:160:15)
    at writeGeneric (node:internal/stream_base_commons:151:3)
    at Socket._writeGeneric (node:net:930:11)
    at Socket._write (node:net:942:8)
    at writeOrBuffer (node:internal/streams/writable:392:12)
    at _write (node:internal/streams/writable:333:10)
    at Writable.write (node:internal/streams/writable:337:10)
    at console.value (node:internal/console/constructor:300:16)
    at console.log (node:internal/console/constructor:377:26)
    at processExitHandler (/Users/icomer/Documents/ICOMER/UbiGuard/UbiGuard_FMS_v5.6/config/processLog.config.js:4:13) {
  errno: -32,
  code: 'EPIPE',
  syscall: 'write'
}
[2023/10/05 15:45:33.671] [ERROR] Error: write EPIPE
    at afterWriteDispatched (node:internal/stream_base_commons:160:15)
    at writeGeneric (node:internal/stream_base_commons:151:3)
    at Socket._writeGeneric (node:net:930:11)
    at Socket._write (node:net:942:8)
    at writeOrBuffer (node:internal/streams/writable:392:12)
    at _write (node:internal/streams/writable:333:10)
    at Writable.write (node:internal/streams/writable:337:10)
    at console.value (node:internal/console/constructor:300:16)
    at console.log (node:internal/console/constructor:377:26)
    at processExitHandler (/Users/icomer/Documents/ICOMER/UbiGuard/UbiGuard_FMS_v5.6/config/processLog.config.js:4:13) {
  errno: -32,
  code: 'EPIPE',
  syscall: 'write'
}
[2023/10/05 15:45:33.672] [ERROR] Error: write EPIPE
    at afterWriteDispatched (node:internal/stream_base_commons:160:15)
    at writeGeneric (node:internal/stream_base_commons:151:3)
    at Socket._writeGeneric (node:net:930:11)
    at Socket._write (node:net:942:8)
    at writeOrBuffer (node:internal/streams/writable:392:12)
    at _write (node:internal/streams/writable:333:10)
    at Writable.write (node:internal/streams/writable:337:10)
    at console.value (node:internal/console/constructor:300:16)
    at console.log (node:internal/console/constructor:377:26)
    at processExitHandler (/Users/icomer/Documents/ICOMER/UbiGuard/UbiGuard_FMS_v5.6/config/processLog.config.js:4:13) {
  errno: -32,
  code: 'EPIPE',
  syscall: 'write'
}
[2023/10/05 15:45:33.673] [ERROR] Error: write EPIPE
    at afterWriteDispatched (node:internal/stream_base_commons:160:15)
    at writeGeneric (node:internal/stream_base_commons:151:3)
    at Socket._writeGeneric (node:net:930:11)
    at Socket._write (node:net:942:8)
    at writeOrBuffer (node:internal/streams/writable:392:12)
    at _write (node:internal/streams/writable:333:10)
    at Writable.write (node:internal/streams/writable:337:10)
    at console.value (node:internal/console/constructor:300:16)
    at console.log (node:internal/console/constructor:377:26)
    at processExitHandler (/Users/icomer/Documents/ICOMER/UbiGuard/UbiGuard_FMS_v5.6/config/processLog.config.js:4:13) {
  errno: -32,
  code: 'EPIPE',
  syscall: 'write'
}
[2023/10/05 15:45:33.674] [ERROR] Error: write EPIPE
    at afterWriteDispatched (node:internal/stream_base_commons:160:15)
    at writeGeneric (node:internal/stream_base_commons:151:3)
    at Socket._writeGeneric (node:net:930:11)
    at Socket._write (node:net:942:8)
    at writeOrBuffer (node:internal/streams/writable:392:12)
    at _write (node:internal/streams/writable:333:10)
    at Writable.write (node:internal/streams/writable:337:10)
    at console.value (node:internal/console/constructor:300:16)
    at console.log (node:internal/console/constructor:377:26)
    at processExitHandler (/Users/icomer/Documents/ICOMER/UbiGuard/UbiGuard_FMS_v5.6/config/processLog.config.js:4:13) {
  errno: -32,
  code: 'EPIPE',
  syscall: 'write'
}
[2023/10/05 15:45:33.675] [ERROR] Error: write EPIPE
    at afterWriteDispatched (node:internal/stream_base_commons:160:15)
    at writeGeneric (node:internal/stream_base_commons:151:3)
    at Socket._writeGeneric (node:net:930:11)
    at Socket._write (node:net:942:8)
    at writeOrBuffer (node:internal/streams/writable:392:12)
    at _write (node:internal/streams/writable:333:10)
    at Writable.write (node:internal/streams/writable:337:10)
    at console.value (node:internal/console/constructor:300:16)
    at console.log (node:internal/console/constructor:377:26)
    at processExitHandler (/Users/icomer/Documents/ICOMER/UbiGuard/UbiGuard_FMS_v5.6/config/processLog.config.js:4:13) {
  errno: -32,
  code: 'EPIPE',
  syscall: 'write'
}
[2023/10/05 15:45:33.675] [ERROR] Error: write EPIPE
    at afterWriteDispatched (node:internal/stream_base_commons:160:15)
    at writeGeneric (node:internal/stream_base_commons:151:3)
    at Socket._writeGeneric (node:net:930:11)
    at Socket._write (node:net:942:8)
    at writeOrBuffer (node:internal/streams/writable:392:12)
    at _write (node:internal/streams/writable:333:10)
    at Writable.write (node:internal/streams/writable:337:10)
    at console.value (node:internal/console/constructor:300:16)
    at console.log (node:internal/console/constructor:377:26)
    at processExitHandler (/Users/icomer/Documents/ICOMER/UbiGuard/UbiGuard_FMS_v5.6/config/processLog.config.js:4:13) {
  errno: -32,
  code: 'EPIPE',
  syscall: 'write'
}
[2023/10/05 15:45:44.315] [ERROR] [UbiGuard FMS 5.6] Port 3000는 이미 사용 중입니다
[2023/10/05 15:46:30.370] [ERROR] [UbiGuard FMS 5.6] Port 3000는 이미 사용 중입니다
