[2023/11/28 16:29:57.252] [ERROR] Error: Cannot find module 'ip'
Require stack:
- /Users/icomer/Documents/ICOMER/UbiGuard/UbiGuard_FMS_v5.6/app.js
- /Users/icomer/Documents/ICOMER/UbiGuard/UbiGuard_FMS_v5.6/bin/www
    at Module._resolveFilename (node:internal/modules/cjs/loader:1075:15)
    at Module._load (node:internal/modules/cjs/loader:920:27)
    at Module.require (node:internal/modules/cjs/loader:1141:19)
    at require (node:internal/modules/cjs/helpers:110:18)
    at Object.<anonymous> (/Users/icomer/Documents/ICOMER/UbiGuard/UbiGuard_FMS_v5.6/app.js:7:12)
    at Module._compile (node:internal/modules/cjs/loader:1254:14)
    at Module._extensions..js (node:internal/modules/cjs/loader:1308:10)
    at Module.load (node:internal/modules/cjs/loader:1117:32)
    at Module._load (node:internal/modules/cjs/loader:958:12)
    at Module.require (node:internal/modules/cjs/loader:1141:19) {
  code: 'MODULE_NOT_FOUND',
  requireStack: [
    '/Users/icomer/Documents/ICOMER/UbiGuard/UbiGuard_FMS_v5.6/app.js',
    '/Users/icomer/Documents/ICOMER/UbiGuard/UbiGuard_FMS_v5.6/bin/www'
  ]
}
[2023/11/28 16:49:38.945] [ERROR] Error: Cannot find module 'ip'
Require stack:
- /Users/icomer/Documents/ICOMER/UbiGuard/UbiGuard_FMS_v5.6/app.js
- /Users/icomer/Documents/ICOMER/UbiGuard/UbiGuard_FMS_v5.6/bin/www
    at Module._resolveFilename (node:internal/modules/cjs/loader:1075:15)
    at Module._load (node:internal/modules/cjs/loader:920:27)
    at Module.require (node:internal/modules/cjs/loader:1141:19)
    at require (node:internal/modules/cjs/helpers:110:18)
    at Object.<anonymous> (/Users/icomer/Documents/ICOMER/UbiGuard/UbiGuard_FMS_v5.6/app.js:7:12)
    at Module._compile (node:internal/modules/cjs/loader:1254:14)
    at Module._extensions..js (node:internal/modules/cjs/loader:1308:10)
    at Module.load (node:internal/modules/cjs/loader:1117:32)
    at Module._load (node:internal/modules/cjs/loader:958:12)
    at Module.require (node:internal/modules/cjs/loader:1141:19) {
  code: 'MODULE_NOT_FOUND',
  requireStack: [
    '/Users/icomer/Documents/ICOMER/UbiGuard/UbiGuard_FMS_v5.6/app.js',
    '/Users/icomer/Documents/ICOMER/UbiGuard/UbiGuard_FMS_v5.6/bin/www'
  ]
}
