[2021/12/14 10:17:21.427] [ERROR] RangeError [ERR_HTTP_INVALID_STATUS_CODE]: Invalid status code: undefined
    at ServerResponse.writeHead (_http_server.js:259:11)
    at ServerResponse.writeHead (/Users/icomer/Documents/ICOMER/UbiGuard/UbiGuard_FMS_v5.6/node_modules/on-headers/index.js:44:26)
    at ServerResponse.writeHead (/Users/icomer/Documents/ICOMER/UbiGuard/UbiGuard_FMS_v5.6/node_modules/on-headers/index.js:44:26)
    at ServerResponse._implicitHeader (_http_server.js:250:8)
    at write_ (_http_outgoing.js:711:9)
    at ServerResponse.end (_http_outgoing.js:825:5)
    at writeend (/Users/icomer/Documents/ICOMER/UbiGuard/UbiGuard_FMS_v5.6/node_modules/express-session/index.js:262:22)
    at Immediate.onsave [as _onImmediate] (/Users/icomer/Documents/ICOMER/UbiGuard/UbiGuard_FMS_v5.6/node_modules/express-session/index.js:336:11)
    at processImmediate (internal/timers.js:462:21)
    at process.callbackTrampoline (internal/async_hooks.js:134:14) {
  code: 'ERR_HTTP_INVALID_STATUS_CODE'
}
[2021/12/14 13:55:41.507] [ERROR] RangeError [ERR_HTTP_INVALID_STATUS_CODE]: Invalid status code: undefined
    at ServerResponse.writeHead (_http_server.js:259:11)
    at ServerResponse.writeHead (/Users/icomer/Documents/ICOMER/UbiGuard/UbiGuard_FMS_v5.6/node_modules/on-headers/index.js:44:26)
    at ServerResponse.writeHead (/Users/icomer/Documents/ICOMER/UbiGuard/UbiGuard_FMS_v5.6/node_modules/on-headers/index.js:44:26)
    at ServerResponse._implicitHeader (_http_server.js:250:8)
    at write_ (_http_outgoing.js:711:9)
    at ServerResponse.end (_http_outgoing.js:825:5)
    at writeend (/Users/icomer/Documents/ICOMER/UbiGuard/UbiGuard_FMS_v5.6/node_modules/express-session/index.js:262:22)
    at Immediate.onsave [as _onImmediate] (/Users/icomer/Documents/ICOMER/UbiGuard/UbiGuard_FMS_v5.6/node_modules/express-session/index.js:336:11)
    at processImmediate (internal/timers.js:462:21)
    at process.callbackTrampoline (internal/async_hooks.js:134:14) {
  code: 'ERR_HTTP_INVALID_STATUS_CODE'
}
[2021/12/14 13:56:42.594] [ERROR] RangeError [ERR_HTTP_INVALID_STATUS_CODE]: Invalid status code: undefined
    at ServerResponse.writeHead (_http_server.js:259:11)
    at ServerResponse.writeHead (/Users/icomer/Documents/ICOMER/UbiGuard/UbiGuard_FMS_v5.6/node_modules/on-headers/index.js:44:26)
    at ServerResponse.writeHead (/Users/icomer/Documents/ICOMER/UbiGuard/UbiGuard_FMS_v5.6/node_modules/on-headers/index.js:44:26)
    at ServerResponse._implicitHeader (_http_server.js:250:8)
    at write_ (_http_outgoing.js:711:9)
    at ServerResponse.end (_http_outgoing.js:825:5)
    at writeend (/Users/icomer/Documents/ICOMER/UbiGuard/UbiGuard_FMS_v5.6/node_modules/express-session/index.js:262:22)
    at Immediate.onsave [as _onImmediate] (/Users/icomer/Documents/ICOMER/UbiGuard/UbiGuard_FMS_v5.6/node_modules/express-session/index.js:336:11)
    at processImmediate (internal/timers.js:462:21)
    at process.callbackTrampoline (internal/async_hooks.js:134:14) {
  code: 'ERR_HTTP_INVALID_STATUS_CODE'
}
[2021/12/14 13:57:49.645] [ERROR] RangeError [ERR_HTTP_INVALID_STATUS_CODE]: Invalid status code: undefined
    at ServerResponse.writeHead (_http_server.js:259:11)
    at ServerResponse.writeHead (/Users/icomer/Documents/ICOMER/UbiGuard/UbiGuard_FMS_v5.6/node_modules/on-headers/index.js:44:26)
    at ServerResponse.writeHead (/Users/icomer/Documents/ICOMER/UbiGuard/UbiGuard_FMS_v5.6/node_modules/on-headers/index.js:44:26)
    at ServerResponse._implicitHeader (_http_server.js:250:8)
    at write_ (_http_outgoing.js:711:9)
    at ServerResponse.end (_http_outgoing.js:825:5)
    at writeend (/Users/icomer/Documents/ICOMER/UbiGuard/UbiGuard_FMS_v5.6/node_modules/express-session/index.js:262:22)
    at Immediate.onsave [as _onImmediate] (/Users/icomer/Documents/ICOMER/UbiGuard/UbiGuard_FMS_v5.6/node_modules/express-session/index.js:336:11)
    at processImmediate (internal/timers.js:462:21)
    at process.callbackTrampoline (internal/async_hooks.js:134:14) {
  code: 'ERR_HTTP_INVALID_STATUS_CODE'
}
[2021/12/14 13:58:59.393] [ERROR] RangeError [ERR_HTTP_INVALID_STATUS_CODE]: Invalid status code: undefined
    at ServerResponse.writeHead (_http_server.js:259:11)
    at ServerResponse.writeHead (/Users/icomer/Documents/ICOMER/UbiGuard/UbiGuard_FMS_v5.6/node_modules/on-headers/index.js:44:26)
    at ServerResponse.writeHead (/Users/icomer/Documents/ICOMER/UbiGuard/UbiGuard_FMS_v5.6/node_modules/on-headers/index.js:44:26)
    at ServerResponse._implicitHeader (_http_server.js:250:8)
    at write_ (_http_outgoing.js:711:9)
    at ServerResponse.end (_http_outgoing.js:825:5)
    at writeend (/Users/icomer/Documents/ICOMER/UbiGuard/UbiGuard_FMS_v5.6/node_modules/express-session/index.js:262:22)
    at Immediate.onsave [as _onImmediate] (/Users/icomer/Documents/ICOMER/UbiGuard/UbiGuard_FMS_v5.6/node_modules/express-session/index.js:336:11)
    at processImmediate (internal/timers.js:462:21)
    at process.callbackTrampoline (internal/async_hooks.js:134:14) {
  code: 'ERR_HTTP_INVALID_STATUS_CODE'
}
[2021/12/14 13:59:47.875] [ERROR] RangeError [ERR_HTTP_INVALID_STATUS_CODE]: Invalid status code: undefined
    at ServerResponse.writeHead (_http_server.js:259:11)
    at ServerResponse.writeHead (/Users/icomer/Documents/ICOMER/UbiGuard/UbiGuard_FMS_v5.6/node_modules/on-headers/index.js:44:26)
    at ServerResponse.writeHead (/Users/icomer/Documents/ICOMER/UbiGuard/UbiGuard_FMS_v5.6/node_modules/on-headers/index.js:44:26)
    at ServerResponse._implicitHeader (_http_server.js:250:8)
    at write_ (_http_outgoing.js:711:9)
    at ServerResponse.end (_http_outgoing.js:825:5)
    at writeend (/Users/icomer/Documents/ICOMER/UbiGuard/UbiGuard_FMS_v5.6/node_modules/express-session/index.js:262:22)
    at Immediate.onsave [as _onImmediate] (/Users/icomer/Documents/ICOMER/UbiGuard/UbiGuard_FMS_v5.6/node_modules/express-session/index.js:336:11)
    at processImmediate (internal/timers.js:462:21)
    at process.callbackTrampoline (internal/async_hooks.js:134:14) {
  code: 'ERR_HTTP_INVALID_STATUS_CODE'
}
[2021/12/14 14:01:38.681] [ERROR] RangeError [ERR_HTTP_INVALID_STATUS_CODE]: Invalid status code: undefined
    at ServerResponse.writeHead (_http_server.js:259:11)
    at ServerResponse.writeHead (/Users/icomer/Documents/ICOMER/UbiGuard/UbiGuard_FMS_v5.6/node_modules/on-headers/index.js:44:26)
    at ServerResponse.writeHead (/Users/icomer/Documents/ICOMER/UbiGuard/UbiGuard_FMS_v5.6/node_modules/on-headers/index.js:44:26)
    at ServerResponse._implicitHeader (_http_server.js:250:8)
    at write_ (_http_outgoing.js:711:9)
    at ServerResponse.end (_http_outgoing.js:825:5)
    at writeend (/Users/icomer/Documents/ICOMER/UbiGuard/UbiGuard_FMS_v5.6/node_modules/express-session/index.js:262:22)
    at Immediate.onsave [as _onImmediate] (/Users/icomer/Documents/ICOMER/UbiGuard/UbiGuard_FMS_v5.6/node_modules/express-session/index.js:336:11)
    at processImmediate (internal/timers.js:462:21)
    at process.callbackTrampoline (internal/async_hooks.js:134:14) {
  code: 'ERR_HTTP_INVALID_STATUS_CODE'
}
[2021/12/14 14:02:22.543] [ERROR] RangeError [ERR_HTTP_INVALID_STATUS_CODE]: Invalid status code: undefined
    at ServerResponse.writeHead (_http_server.js:259:11)
    at ServerResponse.writeHead (/Users/icomer/Documents/ICOMER/UbiGuard/UbiGuard_FMS_v5.6/node_modules/on-headers/index.js:44:26)
    at ServerResponse.writeHead (/Users/icomer/Documents/ICOMER/UbiGuard/UbiGuard_FMS_v5.6/node_modules/on-headers/index.js:44:26)
    at ServerResponse._implicitHeader (_http_server.js:250:8)
    at write_ (_http_outgoing.js:711:9)
    at ServerResponse.end (_http_outgoing.js:825:5)
    at writeend (/Users/icomer/Documents/ICOMER/UbiGuard/UbiGuard_FMS_v5.6/node_modules/express-session/index.js:262:22)
    at Immediate.onsave [as _onImmediate] (/Users/icomer/Documents/ICOMER/UbiGuard/UbiGuard_FMS_v5.6/node_modules/express-session/index.js:336:11)
    at processImmediate (internal/timers.js:462:21)
    at process.callbackTrampoline (internal/async_hooks.js:134:14) {
  code: 'ERR_HTTP_INVALID_STATUS_CODE'
}
[2021/12/14 14:04:21.621] [ERROR] TypeError: this.funcKill is not a function
    at WebSocket.<anonymous> (/Users/icomer/Documents/ICOMER/UbiGuard/UbiGuard_FMS_v5.6/config/rtspStream.js:73:30)
    at WebSocket.emit (events.js:388:22)
    at WebSocket.emitClose (/Users/icomer/Documents/ICOMER/UbiGuard/UbiGuard_FMS_v5.6/node_modules/ws/lib/websocket.js:191:10)
    at Socket.socketOnClose (/Users/icomer/Documents/ICOMER/UbiGuard/UbiGuard_FMS_v5.6/node_modules/ws/lib/websocket.js:858:15)
    at Socket.emit (events.js:376:20)
    at TCP.<anonymous> (net.js:673:12)
    at TCP.callbackTrampoline (internal/async_hooks.js:134:14)
