[2023/11/17 10:32:32.857] [ERROR] ReferenceError: Cannot access 'app' before initialization
    at Object.<anonymous> (/Users/icomer/Documents/ICOMER/UbiGuard/UbiGuard_FMS_v5.6/app.js:17:1)
    at Module._compile (node:internal/modules/cjs/loader:1254:14)
    at Module._extensions..js (node:internal/modules/cjs/loader:1308:10)
    at Module.load (node:internal/modules/cjs/loader:1117:32)
    at Module._load (node:internal/modules/cjs/loader:958:12)
    at Module.require (node:internal/modules/cjs/loader:1141:19)
    at require (node:internal/modules/cjs/helpers:110:18)
    at Object.<anonymous> (/Users/icomer/Documents/ICOMER/UbiGuard/UbiGuard_FMS_v5.6/bin/www:8:13)
    at Module._compile (node:internal/modules/cjs/loader:1254:14)
    at Module._extensions..js (node:internal/modules/cjs/loader:1308:10)
[2023/11/17 14:20:26.165] [ERROR] ReferenceError: UNSAFE_EVAL is not defined
    at Object.<anonymous> (/Users/icomer/Documents/ICOMER/UbiGuard/UbiGuard_FMS_v5.6/app.js:42:25)
    at Module._compile (node:internal/modules/cjs/loader:1254:14)
    at Module._extensions..js (node:internal/modules/cjs/loader:1308:10)
    at Module.load (node:internal/modules/cjs/loader:1117:32)
    at Module._load (node:internal/modules/cjs/loader:958:12)
    at Module.require (node:internal/modules/cjs/loader:1141:19)
    at require (node:internal/modules/cjs/helpers:110:18)
    at Object.<anonymous> (/Users/icomer/Documents/ICOMER/UbiGuard/UbiGuard_FMS_v5.6/bin/www:8:13)
    at Module._compile (node:internal/modules/cjs/loader:1254:14)
    at Module._extensions..js (node:internal/modules/cjs/loader:1308:10)
