[2023/10/31 14:05:58.483] [INFO]  [UbiGuard FMS 5.6] WebSocket Start
[2023/10/31 14:05:58.490] [INFO]  [UbiGuard FMS 5.6] port 3000 시작
[2023/10/31 14:06:20.399] [INFO]  [UbiGuard FMS 5.6] ReferenceError (으)로 node process(32051) 종료
[2023/10/31 14:07:05.061] [INFO]  [UbiGuard FMS 5.6] WebSocket Start
[2023/10/31 14:07:05.068] [INFO]  [UbiGuard FMS 5.6] port 3000 시작
[2023/10/31 14:14:23.641] [INFO]  [UbiGuard FMS 5.6] WebSocket Start
[2023/10/31 14:14:23.648] [INFO]  [UbiGuard FMS 5.6] port 3000 시작
[2023/10/31 14:16:34.464] [INFO]  [UbiGuard FMS 5.6] WebSocket Start
[2023/10/31 14:16:34.471] [INFO]  [UbiGuard FMS 5.6] port 3000 시작
[2023/10/31 14:18:13.330] [INFO]  [UbiGuard FMS 5.6] WebSocket Start
[2023/10/31 14:18:13.338] [INFO]  [UbiGuard FMS 5.6] port 3000 시작
[2023/10/31 14:19:21.138] [INFO]  [UbiGuard FMS 5.6] WebSocket Start
[2023/10/31 14:19:21.144] [INFO]  [UbiGuard FMS 5.6] port 3000 시작
[2023/10/31 14:22:07.400] [INFO]  [UbiGuard FMS 5.6] WebSocket Start
[2023/10/31 14:22:07.407] [INFO]  [UbiGuard FMS 5.6] port 3000 시작
[2023/10/31 14:22:56.407] [INFO]  [UbiGuard FMS 5.6] WebSocket Start
[2023/10/31 14:22:56.413] [INFO]  [UbiGuard FMS 5.6] port 3000 시작
[2023/10/31 14:23:13.265] [INFO]  [UbiGuard FMS 5.6] TypeError (으)로 node process(32322) 종료
[2023/10/31 14:24:11.634] [INFO]  [UbiGuard FMS 5.6] WebSocket Start
[2023/10/31 14:24:11.641] [INFO]  [UbiGuard FMS 5.6] port 3000 시작
[2023/10/31 14:25:50.355] [INFO]  [UbiGuard FMS 5.6] WebSocket Start
[2023/10/31 14:25:50.362] [INFO]  [UbiGuard FMS 5.6] port 3000 시작
[2023/10/31 14:29:06.451] [INFO]  [UbiGuard FMS 5.6] WebSocket Start
[2023/10/31 14:29:06.459] [INFO]  [UbiGuard FMS 5.6] port 3000 시작
[2023/10/31 14:39:24.505] [INFO]  [UbiGuard FMS 5.6] WebSocket Start
[2023/10/31 14:39:24.516] [INFO]  [UbiGuard FMS 5.6] port 3000 시작
[2023/10/31 14:43:17.611] [INFO]  [UbiGuard FMS 5.6] WebSocket Start
[2023/10/31 14:43:17.620] [INFO]  [UbiGuard FMS 5.6] port 3000 시작
[2023/10/31 15:28:30.595] [INFO]  [UbiGuard FMS 5.6] WebSocket Start
[2023/10/31 15:28:30.601] [INFO]  [UbiGuard FMS 5.6] port 3000 시작
[2023/10/31 15:36:02.819] [INFO]  [UbiGuard FMS 5.6] WebSocket Start
[2023/10/31 15:36:02.829] [INFO]  [UbiGuard FMS 5.6] port 3000 시작
[2023/10/31 15:47:21.331] [INFO]  [UbiGuard FMS 5.6] WebSocket Start
[2023/10/31 15:47:21.338] [INFO]  [UbiGuard FMS 5.6] port 3000 시작
[2023/10/31 16:04:58.150] [INFO]  [UbiGuard FMS 5.6] WebSocket Start
[2023/10/31 16:04:58.157] [INFO]  [UbiGuard FMS 5.6] port 3000 시작
[2023/10/31 16:22:14.778] [INFO]  [UbiGuard FMS 5.6] Error (으)로 node process(33344) 종료
[2023/10/31 16:23:06.039] [INFO]  [UbiGuard FMS 5.6] WebSocket Start
[2023/10/31 16:23:06.048] [INFO]  [UbiGuard FMS 5.6] port 3000 시작
[2023/10/31 16:36:15.263] [INFO]  [UbiGuard FMS 5.6] WebSocket Start
[2023/10/31 16:36:15.271] [INFO]  [UbiGuard FMS 5.6] port 3000 시작
