[2023/11/16 10:46:28.841] [ERROR] ReferenceError: requrie is not defined
    at Object.<anonymous> (/Users/icomer/Documents/ICOMER/UbiGuard/UbiGuard_FMS_v5.6/routes/api/customizing/didc/icomer.js:13:29)
    at Module._compile (node:internal/modules/cjs/loader:1254:14)
    at Module._extensions..js (node:internal/modules/cjs/loader:1308:10)
    at Module.load (node:internal/modules/cjs/loader:1117:32)
    at Module._load (node:internal/modules/cjs/loader:958:12)
    at Module.require (node:internal/modules/cjs/loader:1141:19)
    at require (node:internal/modules/cjs/helpers:110:18)
    at Object.<anonymous> (/Users/icomer/Documents/ICOMER/UbiGuard/UbiGuard_FMS_v5.6/app.js:90:29)
    at Module._compile (node:internal/modules/cjs/loader:1254:14)
    at Module._extensions..js (node:internal/modules/cjs/loader:1308:10)
[2023/11/16 13:24:23.154] [ERROR] TypeError: obj_name.include is not a function
    at Object.updateDashboard (/Users/icomer/Documents/ICOMER/UbiGuard/UbiGuard_FMS_v5.6/database/lg_work_history2.js:767:45)
    at /Users/icomer/Documents/ICOMER/UbiGuard/UbiGuard_FMS_v5.6/routes/api/customizing/didc/icomer.js:162:39
    at process.processTicksAndRejections (node:internal/process/task_queues:95:5)
[2023/11/16 13:45:41.428] [ERROR] TypeError: Cannot read properties of undefined (reading 'id')
    at /Users/icomer/Documents/ICOMER/UbiGuard/UbiGuard_FMS_v5.6/routes/api/customizing/didc/icomer.js:254:92
    at process.processTicksAndRejections (node:internal/process/task_queues:95:5)
[2023/11/16 13:46:56.282] [ERROR] TypeError: Cannot read properties of undefined (reading 'description')
    at /Users/icomer/Documents/ICOMER/UbiGuard/UbiGuard_FMS_v5.6/routes/api/customizing/didc/icomer.js:254:96
    at process.processTicksAndRejections (node:internal/process/task_queues:95:5)
[2023/11/16 13:48:34.471] [ERROR] TypeError: Cannot read properties of undefined (reading 'description')
    at /Users/icomer/Documents/ICOMER/UbiGuard/UbiGuard_FMS_v5.6/routes/api/customizing/didc/icomer.js:254:96
    at process.processTicksAndRejections (node:internal/process/task_queues:95:5)
