[2023/11/22 13:16:20.371] [ERROR] ReferenceError: INLINE_UNSAFE is not defined
    at Object.<anonymous> (/Users/icomer/Documents/ICOMER/UbiGuard/UbiGuard_FMS_v5.6/app.js:41:32)
    at Module._compile (node:internal/modules/cjs/loader:1254:14)
    at Module._extensions..js (node:internal/modules/cjs/loader:1308:10)
    at Module.load (node:internal/modules/cjs/loader:1117:32)
    at Module._load (node:internal/modules/cjs/loader:958:12)
    at Module.require (node:internal/modules/cjs/loader:1141:19)
    at require (node:internal/modules/cjs/helpers:110:18)
    at Object.<anonymous> (/Users/icomer/Documents/ICOMER/UbiGuard/UbiGuard_FMS_v5.6/bin/www:8:13)
    at Module._compile (node:internal/modules/cjs/loader:1254:14)
    at Module._extensions..js (node:internal/modules/cjs/loader:1308:10)
[2023/11/22 13:16:30.784] [ERROR] ReferenceError: INLINE_UNSAFE is not defined
    at Object.<anonymous> (/Users/icomer/Documents/ICOMER/UbiGuard/UbiGuard_FMS_v5.6/app.js:41:32)
    at Module._compile (node:internal/modules/cjs/loader:1254:14)
    at Module._extensions..js (node:internal/modules/cjs/loader:1308:10)
    at Module.load (node:internal/modules/cjs/loader:1117:32)
    at Module._load (node:internal/modules/cjs/loader:958:12)
    at Module.require (node:internal/modules/cjs/loader:1141:19)
    at require (node:internal/modules/cjs/helpers:110:18)
    at Object.<anonymous> (/Users/icomer/Documents/ICOMER/UbiGuard/UbiGuard_FMS_v5.6/bin/www:8:13)
    at Module._compile (node:internal/modules/cjs/loader:1254:14)
    at Module._extensions..js (node:internal/modules/cjs/loader:1308:10)
[2023/11/22 13:16:46.245] [ERROR] ReferenceError: INLINE_UNSAFE is not defined
    at Object.<anonymous> (/Users/icomer/Documents/ICOMER/UbiGuard/UbiGuard_FMS_v5.6/app.js:41:40)
    at Module._compile (node:internal/modules/cjs/loader:1254:14)
    at Module._extensions..js (node:internal/modules/cjs/loader:1308:10)
    at Module.load (node:internal/modules/cjs/loader:1117:32)
    at Module._load (node:internal/modules/cjs/loader:958:12)
    at Module.require (node:internal/modules/cjs/loader:1141:19)
    at require (node:internal/modules/cjs/helpers:110:18)
    at Object.<anonymous> (/Users/icomer/Documents/ICOMER/UbiGuard/UbiGuard_FMS_v5.6/bin/www:8:13)
    at Module._compile (node:internal/modules/cjs/loader:1254:14)
    at Module._extensions..js (node:internal/modules/cjs/loader:1308:10)
